#
# A fatal error has been detected by the Java Runtime Environment:
#
#  EXCEPTION_ACCESS_VIOLATION (0xc0000005) at pc=0x00007fffb0712252, pid=8288, tid=6772
#
# JRE version: Java(TM) SE Runtime Environment (17.0+35) (build 17+35-LTS-2724)
# Java VM: Java HotSpot(TM) 64-Bit Server VM (17+35-LTS-2724, mixed mode, sharing, tiered, compressed oops, compressed class ptrs, g1 gc, windows-amd64)
# Problematic frame:
# V  [jvm.dll+0x2d2252]
#
# No core dump will be written. Minidumps are not enabled by default on client versions of Windows
#
# If you would like to submit a bug report, please visit:
#   https://bugreport.java.com/bugreport/crash.jsp
#

---------------  S U M M A R Y ------------

Command Line: -ea -Dfile.encoding=Cp1252 -XX:+ShowCodeDetailsInExceptionMessages org.testng.remote.RemoteTestNG -serport 49782 -protocol json -d D:\Practise\Insurance\test-output C:\Users\Admin\AppData\Local\Temp\testng-eclipse--972356529\testng-customsuite.xml

Host: Intel(R) Core(TM) i3 CPU       M 380  @ 2.53GHz, 4 cores, 2G,  Windows 10 , 64 bit Build 19041 (10.0.19041.1741)
Time: Sun Mar 12 15:58:25 2023 India Standard Time elapsed time: 201.150746 seconds (0d 0h 3m 21s)

---------------  T H R E A D  ---------------

Current thread (0x0000020c8ff9e0c0):  ConcurrentGCThread "G1 Conc#0" [stack: 0x00000023b7a00000,0x00000023b7b00000] [id=6772]

Stack: [0x00000023b7a00000,0x00000023b7b00000],  sp=0x00000023b7affab0,  free space=1022k
Native frames: (J=compiled Java code, j=interpreted, Vv=VM code, C=native code)
V  [jvm.dll+0x2d2252]
V  [jvm.dll+0x2d1f9f]
V  [jvm.dll+0x2d020d]
V  [jvm.dll+0x2cfe71]
V  [jvm.dll+0x2e56ee]
V  [jvm.dll+0x2e1e61]
V  [jvm.dll+0x2e37bc]
V  [jvm.dll+0x2e2794]
V  [jvm.dll+0x2e62f6]
V  [jvm.dll+0x7fb7ab]
V  [jvm.dll+0x7fb7f6]
V  [jvm.dll+0x77e7ea]
V  [jvm.dll+0x66e715]
C  [ucrtbase.dll+0x21bb2]
C  [KERNEL32.DLL+0x17034]
C  [ntdll.dll+0x52651]


siginfo: EXCEPTION_ACCESS_VIOLATION (0xc0000005), reading address 0x00000000000000c0


Register to memory mapping:

RIP=0x00007fffb0712252 jvm.dll
RAX=0x0000020c8ff870f0 points into unknown readable memory: 0x0000000000000000 | 00 00 00 00 00 00 00 00
RBX=0x0000020c8ff9f620 points into unknown readable memory: 0x00007fffb0d2e548 | 48 e5 d2 b0 ff 7f 00 00
RCX=0x0000000000000014 is an unknown value
RDX=0x0 is NULL
RSP=0x00000023b7affab0 points into unknown readable memory: 0x0000000000000000 | 00 00 00 00 00 00 00 00
RBP=0x0 is NULL
RSI=0x0000020c8ff971b0 points into unknown readable memory: 0x0000020c8ff9d6b0 | b0 d6 f9 8f 0c 02 00 00
RDI=0x0000000004000000 is an unknown value
R8 =0x0000000004000000 is an unknown value
R9 =0x0 is NULL
R10=0x000000000000000a is an unknown value
R11=0x0000000000000003 is an unknown value
R12=0x0 is NULL
R13=0xaaaaaaaaaaaaaaab is an unknown value
R14=0x00000008000e6390 is pointing into metadata
R15=0x00000000d2c43ed0 is an oop: java.util.regex.Pattern 
{0x00000000d2c43ed0} - klass: 'java/util/regex/Pattern'
 - ---- fields (total size 11 words):
 - private 'flags' 'I' @12  0
 - private transient 'flags0' 'I' @16  0
 - transient 'localTCNCount' 'I' @20  1
 - transient 'capturingGroupCount' 'I' @24  3
 - transient 'localCount' 'I' @28  3
 - private transient 'cursor' 'I' @32  64 (40)
 - private transient 'patternLength' 'I' @36  0
 - private volatile transient 'compiled' 'Z' @40  true
 - transient 'hasGroupRef' 'Z' @41  false
 - private transient 'hasSupplementary' 'Z' @42  false
 - private 'pattern' 'Ljava/lang/String;' @44  "(\{[0-9A-Fa-f]+,[0-9A-Fa-f]+\})(,\{[0-9A-Fa-f]+,[0-9A-Fa-f]+\})*"{0x00000000d2c41868} (d2c41868)
 - private transient 'normalizedPattern' 'Ljava/lang/String;' @48  "(\{[0-9A-Fa-f]+,[0-9A-Fa-f]+\})(,\{[0-9A-Fa-f]+,[0-9A-Fa-f]+\})*"{0x00000000d2c41868} (d2c41868)
 - transient 'root' 'Ljava/util/regex/Pattern$Node;' @52  a 'java/util/regex/Pattern$Start'{0x00000000d2c43f28} (d2c43f28)
 - transient 'matchRoot' 'Ljava/util/regex/Pattern$Node;' @56  a 'java/util/regex/Pattern$GroupHead'{0x00000000d2c43f40} (d2c43f40)
 - transient 'buffer' '[I' @60  NULL (0)
 - transient 'predicate' 'Ljava/util/regex/Pattern$CharPredicate;' @64  NULL (0)
 - volatile transient 'namedGroups' 'Ljava/util/Map;' @68  NULL (0)
 - transient 'groupNodes' '[Ljava/util/regex/Pattern$GroupHead;' @72  NULL (0)
 - transient 'topClosureNodes' 'Ljava/util/List;' @76  
[error occurred during error reporting (printing register info), id 0xc0000005, EXCEPTION_ACCESS_VIOLATION (0xc0000005) at pc=0x00007fffb07cc6be]

Registers:
RAX=0x0000020c8ff870f0, RBX=0x0000020c8ff9f620, RCX=0x0000000000000014, RDX=0x0000000000000000
RSP=0x00000023b7affab0, RBP=0x0000000000000000, RSI=0x0000020c8ff971b0, RDI=0x0000000004000000
R8 =0x0000000004000000, R9 =0x0000000000000000, R10=0x000000000000000a, R11=0x0000000000000003
R12=0x0000000000000000, R13=0xaaaaaaaaaaaaaaab, R14=0x00000008000e6390, R15=0x00000000d2c43ed0
RIP=0x00007fffb0712252, EFLAGS=0x0000000000010202

Top of Stack: (sp=0x00000023b7affab0)
0x00000023b7affab0:   0000000000000000 000000000004c4b4
0x00000023b7affac0:   0000450664e2a020 00007fffb0711f9f
0x00000023b7affad0:   0000000004000000 00007fffb0711f9f
0x00000023b7affae0:   0000020c8ff9f620 00000023b7affc80
0x00000023b7affaf0:   00000008000e6388 00007fffb0aa90dc
0x00000023b7affb00:   00000000d2c43f24 00007fffb071020d
0x00000023b7affb10:   00000000d2c43f1c 00007fffb071080d
0x00000023b7affb20:   00000023b7affb50 0000000800052fc8
0x00000023b7affb30:   00000023b7affc40 0000000000000001
0x00000023b7affb40:   00000000d2c43ed0 00007fffb070fe71
0x00000023b7affb50:   00000008000e6188 000000000000000b
0x00000023b7affb60:   00000023b7affc80 0000000000000000
0x00000023b7affb70:   0000020c8ff9f620 00007fffb07256ee
0x00000023b7affb80:   00000000d2c43ed0 0000020c8ff97200
0x00000023b7affb90:   00000023b7affc40 0000020c8ff97200
0x00000023b7affba0:   00000000d2c43ed0 00007fffb0721e61 

Instructions: (pc=0x00007fffb0712252)
0x00007fffb0712152:   48 3b c8 75 ee 32 db 48 8b 6c 24 38 0f b6 c3 48
0x00007fffb0712162:   8b 5c 24 30 48 8b 74 24 40 48 83 c4 20 5f c3 80
0x00007fffb0712172:   3d 9b 67 81 00 00 b3 01 74 15 8b 57 08 8b 0d 33
0x00007fffb0712182:   f1 7a 00 48 d3 e2 48 03 15 21 f1 7a 00 eb 04 48
0x00007fffb0712192:   8b 57 08 48 8b cf e8 43 a9 ed ff 4c 63 d8 48 8b
0x00007fffb07121a2:   86 08 03 00 00 4c 8b 04 e8 49 8b 40 18 8b 88 c0
0x00007fffb07121b2:   01 00 00 48 8b 90 b8 01 00 00 48 d3 e2 8b 0d 3b
0x00007fffb07121c2:   71 81 00 48 2b fa 41 8b 50 60 48 d3 ef 44 8b d7
0x00007fffb07121d2:   49 23 d2 48 c1 e2 04 49 03 50 40 8b 02 3b c7 74
0x00007fffb07121e2:   2d 4c 8b 4a 08 4d 85 c9 74 0c 8b c8 49 8b 40 38
0x00007fffb07121f2:   f0 4c 0f c1 0c c8 48 c7 42 08 00 00 00 00 44 89
0x00007fffb0712202:   12 49 ff 40 58 4c 01 5a 08 e9 49 ff ff ff 49 ff
0x00007fffb0712212:   40 50 4c 01 5a 08 e9 3c ff ff ff cc cc cc 48 89
0x00007fffb0712222:   6c 24 10 48 89 74 24 18 57 48 83 ec 20 48 8b 41
0x00007fffb0712232:   08 48 8b f1 4d 8b c8 8b ea 49 8b f8 8b 88 c0 01
0x00007fffb0712242:   00 00 48 8b 80 b0 01 00 00 49 d3 e9 4e 8b 0c c8
0x00007fffb0712252:   4d 3b 81 c0 00 00 00 72 12 32 c0 48 8b 6c 24 38
0x00007fffb0712262:   48 8b 74 24 40 48 83 c4 20 5f c3 48 89 5c 24 30
0x00007fffb0712272:   48 8b d7 48 8b 9e 98 00 00 00 48 8b cb 48 8b 03
0x00007fffb0712282:   ff 10 8b 4b 18 48 8b d7 48 2b 53 08 48 8b 43 20
0x00007fffb0712292:   48 c1 ea 03 48 d3 ea 48 8b ca 48 c1 e9 06 4c 8d
0x00007fffb07122a2:   04 c8 0f b6 ca 49 8b 00 80 e1 3f ba 01 00 00 00
0x00007fffb07122b2:   48 d3 e2 48 8b c8 48 0b ca 48 3b c8 74 12 f0 49
0x00007fffb07122c2:   0f b1 08 74 25 48 8b c8 48 0b ca 48 3b c8 75 ee
0x00007fffb07122d2:   32 db 48 8b 6c 24 38 0f b6 c3 48 8b 5c 24 30 48
0x00007fffb07122e2:   8b 74 24 40 48 83 c4 20 5f c3 80 3d 20 66 81 00
0x00007fffb07122f2:   00 b3 01 74 15 8b 57 08 8b 0d b8 ef 7a 00 48 d3
0x00007fffb0712302:   e2 48 03 15 a6 ef 7a 00 eb 04 48 8b 57 08 48 8b
0x00007fffb0712312:   cf e8 c8 a7 ed ff 4c 63 d8 48 8b 86 08 03 00 00
0x00007fffb0712322:   4c 8b 04 e8 49 8b 40 18 8b 88 c0 01 00 00 48 8b
0x00007fffb0712332:   90 b8 01 00 00 48 d3 e2 8b 0d c0 6f 81 00 48 2b
0x00007fffb0712342:   fa 41 8b 50 60 48 d3 ef 44 8b d7 49 23 d2 48 c1 


Stack slot to memory mapping:
stack at sp + 0 slots: 0x0 is NULL
stack at sp + 1 slots: 0x000000000004c4b4 is an unknown value
stack at sp + 2 slots: 0x0000450664e2a020 is an unknown value
stack at sp + 3 slots: 0x00007fffb0711f9f jvm.dll
stack at sp + 4 slots: 0x0000000004000000 is an unknown value
stack at sp + 5 slots: 0x00007fffb0711f9f jvm.dll
stack at sp + 6 slots: 0x0000020c8ff9f620 points into unknown readable memory: 0x00007fffb0d2e548 | 48 e5 d2 b0 ff 7f 00 00
stack at sp + 7 slots: 0x00000023b7affc80 points into unknown readable memory: 0x00007fffb0d2e568 | 68 e5 d2 b0 ff 7f 00 00


---------------  P R O C E S S  ---------------

Threads class SMR info:
_java_thread_list=0x0000020cac5decb0, length=16, elements={
0x0000020c8ff6b600, 0x0000020caa673230, 0x0000020caa674ac0, 0x0000020caa685b30,
0x0000020caa6874f0, 0x0000020caa687ea0, 0x0000020caa688850, 0x0000020caa6895e0,
0x0000020caa6fb370, 0x0000020caa7008d0, 0x0000020cab135e50, 0x0000020cab143fc0,
0x0000020caba71240, 0x0000020cabf6fc30, 0x0000020cac52d0d0, 0x0000020cac477040
}

Java Threads: ( => current thread )
  0x0000020c8ff6b600 JavaThread "Forwarding newSession on session null to remote" [_thread_blocked, id=6696, stack(0x00000023b7700000,0x00000023b7800000)]
  0x0000020caa673230 JavaThread "Reference Handler" daemon [_thread_blocked, id=6976, stack(0x00000023b7e00000,0x00000023b7f00000)]
  0x0000020caa674ac0 JavaThread "Finalizer" daemon [_thread_blocked, id=6968, stack(0x00000023b7f00000,0x00000023b8000000)]
  0x0000020caa685b30 JavaThread "Signal Dispatcher" daemon [_thread_blocked, id=6972, stack(0x00000023b8000000,0x00000023b8100000)]
  0x0000020caa6874f0 JavaThread "Attach Listener" daemon [_thread_blocked, id=9076, stack(0x00000023b8100000,0x00000023b8200000)]
  0x0000020caa687ea0 JavaThread "Service Thread" daemon [_thread_blocked, id=5172, stack(0x00000023b8200000,0x00000023b8300000)]
  0x0000020caa688850 JavaThread "Monitor Deflation Thread" daemon [_thread_blocked, id=6676, stack(0x00000023b8300000,0x00000023b8400000)]
  0x0000020caa6895e0 JavaThread "C2 CompilerThread0" daemon [_thread_in_native, id=2532, stack(0x00000023b8400000,0x00000023b8500000)]
  0x0000020caa6fb370 JavaThread "C1 CompilerThread0" daemon [_thread_blocked, id=6900, stack(0x00000023b8500000,0x00000023b8600000)]
  0x0000020caa7008d0 JavaThread "Sweeper thread" daemon [_thread_blocked, id=6788, stack(0x00000023b8600000,0x00000023b8700000)]
  0x0000020cab135e50 JavaThread "Notification Thread" daemon [_thread_blocked, id=6656, stack(0x00000023b8700000,0x00000023b8800000)]
  0x0000020cab143fc0 JavaThread "Common-Cleaner" daemon [_thread_blocked, id=6884, stack(0x00000023b8900000,0x00000023b8a00000)]
  0x0000020caba71240 JavaThread "ReaderThread" [_thread_in_native, id=6904, stack(0x00000023b8d00000,0x00000023b8e00000)]
  0x0000020cabf6fc30 JavaThread "ForkJoinPool.commonPool-worker-1" daemon [_thread_blocked, id=6160, stack(0x00000023b7500000,0x00000023b7600000)]
  0x0000020cac52d0d0 JavaThread "AsyncHttpClient-1-1" daemon [_thread_blocked, id=8612, stack(0x00000023b7600000,0x00000023b7700000)]
  0x0000020cac477040 JavaThread "Exec Default Executor" daemon [_thread_blocked, id=5544, stack(0x00000023b8f00000,0x00000023b9000000)]

Other Threads:
  0x0000020c90038560 VMThread "VM Thread" [stack: 0x00000023b7d00000,0x00000023b7e00000] [id=9072]
  0x0000020cab138330 WatcherThread [stack: 0x00000023b8800000,0x00000023b8900000] [id=6216]
  0x0000020c8ff957a0 GCTaskThread "GC Thread#0" [stack: 0x00000023b7800000,0x00000023b7900000] [id=6748]
  0x0000020cab323320 GCTaskThread "GC Thread#1" [stack: 0x00000023b8a00000,0x00000023b8b00000] [id=6664]
  0x0000020cab5c1b00 GCTaskThread "GC Thread#2" [stack: 0x00000023b8b00000,0x00000023b8c00000] [id=6212]
  0x0000020cabd266e0 GCTaskThread "GC Thread#3" [stack: 0x00000023b8e00000,0x00000023b8f00000] [id=1000]
  0x0000020c8ff9d6b0 ConcurrentGCThread "G1 Main Marker" [stack: 0x00000023b7900000,0x00000023b7a00000] [id=6808]
=>0x0000020c8ff9e0c0 ConcurrentGCThread "G1 Conc#0" [stack: 0x00000023b7a00000,0x00000023b7b00000] [id=6772]
  0x0000020c8ffd7da0 ConcurrentGCThread "G1 Refine#0" [stack: 0x00000023b7b00000,0x00000023b7c00000] [id=6912]
  0x0000020c8ffda0b0 ConcurrentGCThread "G1 Service" [stack: 0x00000023b7c00000,0x00000023b7d00000] [id=6916]

Threads with active compile tasks:
C2 CompilerThread0   201246 2464       4       java.net.URLStreamHandler::parseURL (1201 bytes)

VM state: not at safepoint (normal execution)

VM Mutex/Monitor currently owned by a thread:  ([mutex/lock_event])
[0x0000020c8ff68a00] Heap_lock - owner thread: 0x0000020cac477040

Heap address: 0x00000000d2200000, size: 734 MB, Compressed Oops mode: 32-bit

CDS archive(s) mapped at: [0x0000000800000000-0x0000000800bc0000-0x0000000800bc0000), size 12320768, SharedBaseAddress: 0x0000000800000000, ArchiveRelocationMode: 0.
Compressed class space mapped at: 0x0000000800c00000-0x0000000840c00000, reserved size: 1073741824
Narrow klass base: 0x0000000800000000, Narrow klass shift: 0, Narrow klass range: 0x100000000

GC Precious Log:
 CPUs: 4 total, 4 available
 Memory: 2932M
 Large Page Support: Disabled
 NUMA Support: Disabled
 Compressed Oops: Enabled (32-bit)
 Heap Region Size: 1M
 Heap Min Capacity: 8M
 Heap Initial Capacity: 46M
 Heap Max Capacity: 734M
 Pre-touch: Disabled
 Parallel Workers: 4
 Concurrent Workers: 1
 Concurrent Refinement Workers: 4
 Periodic GC: Disabled

Heap:
 garbage-first heap   total 47104K, used 15360K [0x00000000d2200000, 0x0000000100000000)
  region size 1024K, 5 young (5120K), 3 survivors (3072K)
 Metaspace       used 21562K, committed 21824K, reserved 1073152K
  class space    used 2606K, committed 2752K, reserved 1048576K

Heap Regions: E=young(eden), S=young(survivor), O=old, HS=humongous(starts), HC=humongous(continues), CS=collection set, F=free, OA=open archive, CA=closed archive, TAMS=top-at-mark-start (previous, next)
|   0|0x00000000d2200000, 0x00000000d2300000, 0x00000000d2300000|100%| O|  |TAMS 0x00000000d2200000, 0x00000000d2300000| Untracked 
|   1|0x00000000d2300000, 0x00000000d2400000, 0x00000000d2400000|100%| O|  |TAMS 0x00000000d2300000, 0x00000000d2400000| Untracked 
|   2|0x00000000d2400000, 0x00000000d2500000, 0x00000000d2500000|100%|HS|  |TAMS 0x00000000d2400000, 0x00000000d2500000| Complete 
|   3|0x00000000d2500000, 0x00000000d2600000, 0x00000000d2600000|100%| O|  |TAMS 0x00000000d2500000, 0x00000000d2600000| Untracked 
|   4|0x00000000d2600000, 0x00000000d2700000, 0x00000000d2700000|100%| O|  |TAMS 0x00000000d2600000, 0x00000000d2700000| Untracked 
|   5|0x00000000d2700000, 0x00000000d2800000, 0x00000000d2800000|100%| O|  |TAMS 0x00000000d2700000, 0x00000000d2800000| Untracked 
|   6|0x00000000d2800000, 0x00000000d2900000, 0x00000000d2900000|100%| O|  |TAMS 0x00000000d2800000, 0x00000000d2900000| Untracked 
|   7|0x00000000d2900000, 0x00000000d2a00000, 0x00000000d2a00000|100%| O|  |TAMS 0x00000000d2900000, 0x00000000d2a00000| Untracked 
|   8|0x00000000d2a00000, 0x00000000d2b00000, 0x00000000d2b00000|100%| O|  |TAMS 0x00000000d2a00000, 0x00000000d2b00000| Untracked 
|   9|0x00000000d2b00000, 0x00000000d2c00000, 0x00000000d2c00000|100%| O|  |TAMS 0x00000000d2b00000, 0x00000000d2c00000| Untracked 
|  10|0x00000000d2c00000, 0x00000000d2d00000, 0x00000000d2d00000|100%| O|  |TAMS 0x00000000d2c00000, 0x00000000d2d00000| Untracked 
|  11|0x00000000d2d00000, 0x00000000d2d4b400, 0x00000000d2e00000| 29%| O|  |TAMS 0x00000000d2d00000, 0x00000000d2d4b400| Untracked 
|  12|0x00000000d2e00000, 0x00000000d2e00000, 0x00000000d2f00000|  0%| F|  |TAMS 0x00000000d2e00000, 0x00000000d2e00000| Untracked 
|  13|0x00000000d2f00000, 0x00000000d2f00000, 0x00000000d3000000|  0%| F|  |TAMS 0x00000000d2f00000, 0x00000000d2f00000| Untracked 
|  14|0x00000000d3000000, 0x00000000d3000000, 0x00000000d3100000|  0%| F|  |TAMS 0x00000000d3000000, 0x00000000d3000000| Untracked 
|  15|0x00000000d3100000, 0x00000000d3100000, 0x00000000d3200000|  0%| F|  |TAMS 0x00000000d3100000, 0x00000000d3100000| Untracked 
|  16|0x00000000d3200000, 0x00000000d3200000, 0x00000000d3300000|  0%| F|  |TAMS 0x00000000d3200000, 0x00000000d3200000| Untracked 
|  17|0x00000000d3300000, 0x00000000d3300000, 0x00000000d3400000|  0%| F|  |TAMS 0x00000000d3300000, 0x00000000d3300000| Untracked 
|  18|0x00000000d3400000, 0x00000000d3400000, 0x00000000d3500000|  0%| F|  |TAMS 0x00000000d3400000, 0x00000000d3400000| Untracked 
|  19|0x00000000d3500000, 0x00000000d3500000, 0x00000000d3600000|  0%| F|  |TAMS 0x00000000d3500000, 0x00000000d3500000| Untracked 
|  20|0x00000000d3600000, 0x00000000d3600000, 0x00000000d3700000|  0%| F|  |TAMS 0x00000000d3600000, 0x00000000d3600000| Untracked 
|  21|0x00000000d3700000, 0x00000000d3700000, 0x00000000d3800000|  0%| F|  |TAMS 0x00000000d3700000, 0x00000000d3700000| Untracked 
|  22|0x00000000d3800000, 0x00000000d3800000, 0x00000000d3900000|  0%| F|  |TAMS 0x00000000d3800000, 0x00000000d3800000| Untracked 
|  23|0x00000000d3900000, 0x00000000d3900000, 0x00000000d3a00000|  0%| F|  |TAMS 0x00000000d3900000, 0x00000000d3900000| Untracked 
|  24|0x00000000d3a00000, 0x00000000d3a00000, 0x00000000d3b00000|  0%| F|  |TAMS 0x00000000d3a00000, 0x00000000d3a00000| Untracked 
|  25|0x00000000d3b00000, 0x00000000d3b00000, 0x00000000d3c00000|  0%| F|  |TAMS 0x00000000d3b00000, 0x00000000d3b00000| Untracked 
|  26|0x00000000d3c00000, 0x00000000d3c00000, 0x00000000d3d00000|  0%| F|  |TAMS 0x00000000d3c00000, 0x00000000d3c00000| Untracked 
|  27|0x00000000d3d00000, 0x00000000d3db4ee8, 0x00000000d3e00000| 70%| S|CS|TAMS 0x00000000d3d00000, 0x00000000d3d00000| Complete 
|  28|0x00000000d3e00000, 0x00000000d3e00000, 0x00000000d3f00000|  0%| F|  |TAMS 0x00000000d3e00000, 0x00000000d3e00000| Untracked 
|  29|0x00000000d3f00000, 0x00000000d3f00000, 0x00000000d4000000|  0%| F|  |TAMS 0x00000000d3f00000, 0x00000000d3f00000| Untracked 
|  30|0x00000000d4000000, 0x00000000d4100000, 0x00000000d4100000|100%| S|CS|TAMS 0x00000000d4000000, 0x00000000d4000000| Complete 
|  31|0x00000000d4100000, 0x00000000d4200000, 0x00000000d4200000|100%| S|CS|TAMS 0x00000000d4100000, 0x00000000d4100000| Complete 
|  32|0x00000000d4200000, 0x00000000d4200000, 0x00000000d4300000|  0%| F|  |TAMS 0x00000000d4200000, 0x00000000d4200000| Untracked 
|  33|0x00000000d4300000, 0x00000000d4300000, 0x00000000d4400000|  0%| F|  |TAMS 0x00000000d4300000, 0x00000000d4300000| Untracked 
|  34|0x00000000d4400000, 0x00000000d4400000, 0x00000000d4500000|  0%| F|  |TAMS 0x00000000d4400000, 0x00000000d4400000| Untracked 
|  35|0x00000000d4500000, 0x00000000d4500000, 0x00000000d4600000|  0%| F|  |TAMS 0x00000000d4500000, 0x00000000d4500000| Untracked 
|  36|0x00000000d4600000, 0x00000000d4600000, 0x00000000d4700000|  0%| F|  |TAMS 0x00000000d4600000, 0x00000000d4600000| Untracked 
|  37|0x00000000d4700000, 0x00000000d4700000, 0x00000000d4800000|  0%| F|  |TAMS 0x00000000d4700000, 0x00000000d4700000| Untracked 
|  38|0x00000000d4800000, 0x00000000d4800000, 0x00000000d4900000|  0%| F|  |TAMS 0x00000000d4800000, 0x00000000d4800000| Untracked 
|  39|0x00000000d4900000, 0x00000000d4900000, 0x00000000d4a00000|  0%| F|  |TAMS 0x00000000d4900000, 0x00000000d4900000| Untracked 
|  40|0x00000000d4a00000, 0x00000000d4a00000, 0x00000000d4b00000|  0%| F|  |TAMS 0x00000000d4a00000, 0x00000000d4a00000| Untracked 
|  41|0x00000000d4b00000, 0x00000000d4b00000, 0x00000000d4c00000|  0%| F|  |TAMS 0x00000000d4b00000, 0x00000000d4b00000| Untracked 
|  42|0x00000000d4c00000, 0x00000000d4c00000, 0x00000000d4d00000|  0%| F|  |TAMS 0x00000000d4c00000, 0x00000000d4c00000| Untracked 
|  43|0x00000000d4d00000, 0x00000000d4d00000, 0x00000000d4e00000|  0%| F|  |TAMS 0x00000000d4d00000, 0x00000000d4d00000| Untracked 
|  44|0x00000000d4e00000, 0x00000000d4e72670, 0x00000000d4f00000| 44%| E|  |TAMS 0x00000000d4e00000, 0x00000000d4e00000| Complete 
|  45|0x00000000d4f00000, 0x00000000d5000000, 0x00000000d5000000|100%| E|CS|TAMS 0x00000000d4f00000, 0x00000000d4f00000| Complete 

Card table byte_map: [0x0000020ca6770000,0x0000020ca68e0000] _byte_map_base: 0x0000020ca60df000

Marking Bits (Prev, Next): (CMBitMap*) 0x0000020c8ff971c0, (CMBitMap*) 0x0000020c8ff97200
 Prev Bits: [0x0000020ca6a50000, 0x0000020ca75c8000)
 Next Bits: [0x0000020ca75d0000, 0x0000020ca8148000)

Polling page: 0x0000020c8ddb0000

Metaspace:

Usage:
  Non-class:     18.51 MB used.
      Class:      2.55 MB used.
       Both:     21.06 MB used.

Virtual space:
  Non-class space:       24.00 MB reserved,      18.62 MB ( 78%) committed,  3 nodes.
      Class space:        1.00 GB reserved,       2.69 MB ( <1%) committed,  1 nodes.
             Both:        1.02 GB reserved,      21.31 MB (  2%) committed. 

Chunk freelists:
   Non-Class:  896.00 KB
       Class:  1.33 MB
        Both:  2.20 MB

MaxMetaspaceSize: unlimited
CompressedClassSpaceSize: 1.00 GB
Initial GC threshold: 21.00 MB
Current GC threshold: 21.31 MB
CDS: on
MetaspaceReclaimPolicy: balanced
 - commit_granule_bytes: 65536.
 - commit_granule_words: 8192.
 - virtual_space_node_default_size: 1048576.
 - enlarge_chunks_in_place: 1.
 - new_chunks_are_fully_committed: 0.
 - uncommit_free_chunks: 1.
 - use_allocation_guard: 0.
 - handle_deallocations: 1.


Internal statistics:

num_allocs_failed_limit: 5.
num_arena_births: 328.
num_arena_deaths: 0.
num_vsnodes_births: 4.
num_vsnodes_deaths: 0.
num_space_committed: 341.
num_space_uncommitted: 0.
num_chunks_returned_to_freelist: 5.
num_chunks_taken_from_freelist: 889.
num_chunk_merges: 3.
num_chunk_splits: 574.
num_chunks_enlarged: 390.
num_purges: 0.
num_inconsistent_stats: 0.

CodeHeap 'non-profiled nmethods': size=120000Kb used=1105Kb max_used=1105Kb free=118894Kb
 bounds [0x0000020c9f240000, 0x0000020c9f4b0000, 0x0000020ca6770000]
CodeHeap 'profiled nmethods': size=120000Kb used=4810Kb max_used=4810Kb free=115189Kb
 bounds [0x0000020c97d10000, 0x0000020c981d0000, 0x0000020c9f240000]
CodeHeap 'non-nmethods': size=5760Kb used=1263Kb max_used=1284Kb free=4496Kb
 bounds [0x0000020c97770000, 0x0000020c979e0000, 0x0000020c97d10000]
 total_blobs=3028 nmethods=2457 adapters=484
 compilation: enabled
              stopped_count=0, restarted_count=0
 full_count=0

Compilation events (20 events):
Event: 201.029 Thread 0x0000020caa6fb370 2459       3       io.netty.buffer.PoolSubpage::<init> (46 bytes)
Event: 201.030 Thread 0x0000020caa6fb370 nmethod 2459 0x0000020c981bb010 code [0x0000020c981bb200, 0x0000020c981bb7f8]
Event: 201.030 Thread 0x0000020caa6895e0 nmethod 2458 0x0000020c9f351f10 code [0x0000020c9f3520a0, 0x0000020c9f352218]
Event: 201.031 Thread 0x0000020caa6895e0 2460       4       java.util.WeakHashMap::hash (28 bytes)
Event: 201.033 Thread 0x0000020caa6895e0 nmethod 2460 0x0000020c9f352390 code [0x0000020c9f352520, 0x0000020c9f352638]
Event: 201.033 Thread 0x0000020caa6895e0 2461   !   4       java.util.WeakHashMap::expungeStaleEntries (139 bytes)
Event: 201.043 Thread 0x0000020caa6895e0 nmethod 2461 0x0000020c9f352710 code [0x0000020c9f3528a0, 0x0000020c9f352e48]
Event: 201.050 Thread 0x0000020caa6895e0 2462       4       java.lang.StringConcatHelper::prepend (37 bytes)
Event: 201.053 Thread 0x0000020caa6895e0 nmethod 2462 0x0000020c9f353010 code [0x0000020c9f3531a0, 0x0000020c9f3532f8]
Event: 201.064 Thread 0x0000020caa6fb370 2463       3       io.netty.util.internal.ObjectUtil::checkNotNull (15 bytes)
Event: 201.065 Thread 0x0000020caa6fb370 nmethod 2463 0x0000020c981bba10 code [0x0000020c981bbbc0, 0x0000020c981bbda8]
Event: 201.068 Thread 0x0000020caa6895e0 2464       4       java.net.URLStreamHandler::parseURL (1201 bytes)
Event: 201.070 Thread 0x0000020caa6fb370 2465   !   3       java.util.zip.ZipFile$ZipEntryIterator::next (71 bytes)
Event: 201.070 Thread 0x0000020caa6fb370 nmethod 2465 0x0000020c981bbe90 code [0x0000020c981bc080, 0x0000020c981bc5a8]
Event: 201.075 Thread 0x0000020caa6fb370 2467       3       java.lang.CharacterDataLatin1::digit (32 bytes)
Event: 201.075 Thread 0x0000020caa6fb370 nmethod 2467 0x0000020c981bc990 code [0x0000020c981bcb40, 0x0000020c981bcd98]
Event: 201.120 Thread 0x0000020caa6fb370 2468   !   3       java.util.concurrent.ConcurrentHashMap::replaceNode (437 bytes)
Event: 201.123 Thread 0x0000020caa6fb370 nmethod 2468 0x0000020c981bce90 code [0x0000020c981bd1c0, 0x0000020c981be978]
Event: 201.126 Thread 0x0000020caa6fb370 2469       1       java.util.logging.LogManager$LoggerContext::getOwner (5 bytes)
Event: 201.126 Thread 0x0000020caa6fb370 nmethod 2469 0x0000020c9f353490 code [0x0000020c9f353620, 0x0000020c9f3536f8]

GC Heap History (12 events):
Event: 2.623 GC heap before
{Heap before GC invocations=0 (full 0):
 garbage-first heap   total 47104K, used 12288K [0x00000000d2200000, 0x0000000100000000)
  region size 1024K, 13 young (13312K), 0 survivors (0K)
 Metaspace       used 1303K, committed 1408K, reserved 1056768K
  class space    used 118K, committed 192K, reserved 1048576K
}
Event: 2.634 GC heap after
{Heap after GC invocations=1 (full 0):
 garbage-first heap   total 47104K, used 4096K [0x00000000d2200000, 0x0000000100000000)
  region size 1024K, 2 young (2048K), 2 survivors (2048K)
 Metaspace       used 1303K, committed 1408K, reserved 1056768K
  class space    used 118K, committed 192K, reserved 1048576K
}
Event: 4.195 GC heap before
{Heap before GC invocations=1 (full 0):
 garbage-first heap   total 47104K, used 17408K [0x00000000d2200000, 0x0000000100000000)
  region size 1024K, 15 young (15360K), 2 survivors (2048K)
 Metaspace       used 6592K, committed 6784K, reserved 1056768K
  class space    used 744K, committed 832K, reserved 1048576K
}
Event: 4.204 GC heap after
{Heap after GC invocations=2 (full 0):
 garbage-first heap   total 47104K, used 7246K [0x00000000d2200000, 0x0000000100000000)
  region size 1024K, 2 young (2048K), 2 survivors (2048K)
 Metaspace       used 6592K, committed 6784K, reserved 1056768K
  class space    used 744K, committed 832K, reserved 1048576K
}
Event: 5.105 GC heap before
{Heap before GC invocations=2 (full 0):
 garbage-first heap   total 47104K, used 21582K [0x00000000d2200000, 0x0000000100000000)
  region size 1024K, 16 young (16384K), 2 survivors (2048K)
 Metaspace       used 10691K, committed 10944K, reserved 1064960K
  class space    used 1232K, committed 1344K, reserved 1048576K
}
Event: 5.114 GC heap after
{Heap after GC invocations=3 (full 0):
 garbage-first heap   total 47104K, used 9044K [0x00000000d2200000, 0x0000000100000000)
  region size 1024K, 2 young (2048K), 2 survivors (2048K)
 Metaspace       used 10691K, committed 10944K, reserved 1064960K
  class space    used 1232K, committed 1344K, reserved 1048576K
}
Event: 175.327 GC heap before
{Heap before GC invocations=3 (full 0):
 garbage-first heap   total 47104K, used 28500K [0x00000000d2200000, 0x0000000100000000)
  region size 1024K, 21 young (21504K), 2 survivors (2048K)
 Metaspace       used 14366K, committed 14656K, reserved 1064960K
  class space    used 1671K, committed 1856K, reserved 1048576K
}
Event: 175.338 GC heap after
{Heap after GC invocations=4 (full 0):
 garbage-first heap   total 47104K, used 11708K [0x00000000d2200000, 0x0000000100000000)
  region size 1024K, 3 young (3072K), 3 survivors (3072K)
 Metaspace       used 14366K, committed 14656K, reserved 1064960K
  class space    used 1671K, committed 1856K, reserved 1048576K
}
Event: 200.391 GC heap before
{Heap before GC invocations=4 (full 0):
 garbage-first heap   total 47104K, used 27068K [0x00000000d2200000, 0x0000000100000000)
  region size 1024K, 19 young (19456K), 3 survivors (3072K)
 Metaspace       used 16966K, committed 17216K, reserved 1064960K
  class space    used 2004K, committed 2112K, reserved 1048576K
}
Event: 200.400 GC heap after
{Heap after GC invocations=5 (full 0):
 garbage-first heap   total 47104K, used 13129K [0x00000000d2200000, 0x0000000100000000)
  region size 1024K, 2 young (2048K), 2 survivors (2048K)
 Metaspace       used 16966K, committed 17216K, reserved 1064960K
  class space    used 2004K, committed 2112K, reserved 1048576K
}
Event: 201.093 GC heap before
{Heap before GC invocations=5 (full 0):
 garbage-first heap   total 47104K, used 26441K [0x00000000d2200000, 0x0000000100000000)
  region size 1024K, 16 young (16384K), 2 survivors (2048K)
 Metaspace       used 21208K, committed 21504K, reserved 1073152K
  class space    used 2551K, committed 2688K, reserved 1048576K
}
Event: 201.099 GC heap after
{Heap after GC invocations=6 (full 0):
 garbage-first heap   total 47104K, used 14336K [0x00000000d2200000, 0x0000000100000000)
  region size 1024K, 3 young (3072K), 3 survivors (3072K)
 Metaspace       used 21208K, committed 21504K, reserved 1073152K
  class space    used 2551K, committed 2688K, reserved 1048576K
}

Deoptimization events (20 events):
Event: 200.435 Thread 0x0000020c8ff6b600 DEOPT PACKING pc=0x0000020c9f278af8 sp=0x00000023b77f9070
Event: 200.435 Thread 0x0000020c8ff6b600 DEOPT UNPACKING pc=0x0000020c977c239d sp=0x00000023b77f8fd8 mode 2
Event: 200.443 Thread 0x0000020c8ff6b600 Uncommon trap: trap_request=0xffffff45 fr.pc=0x0000020c9f2c06f8 relative=0x00000000000056b8
Event: 200.443 Thread 0x0000020c8ff6b600 Uncommon trap: reason=unstable_if action=reinterpret pc=0x0000020c9f2c06f8 method=jdk.internal.org.objectweb.asm.Frame.execute(IILjdk/internal/org/objectweb/asm/Symbol;Ljdk/internal/org/objectweb/asm/SymbolTable;)V @ 1 c2
Event: 200.443 Thread 0x0000020c8ff6b600 DEOPT PACKING pc=0x0000020c9f2c06f8 sp=0x00000023b77f9100
Event: 200.443 Thread 0x0000020c8ff6b600 DEOPT UNPACKING pc=0x0000020c977c239d sp=0x00000023b77f90b8 mode 2
Event: 200.471 Thread 0x0000020c8ff6b600 Uncommon trap: trap_request=0xffffff45 fr.pc=0x0000020c9f328c64 relative=0x0000000000000564
Event: 200.471 Thread 0x0000020c8ff6b600 Uncommon trap: reason=unstable_if action=reinterpret pc=0x0000020c9f328c64 method=java.util.regex.Pattern$Start.match(Ljava/util/regex/Matcher;ILjava/lang/CharSequence;)Z @ 10 c2
Event: 200.471 Thread 0x0000020c8ff6b600 DEOPT PACKING pc=0x0000020c9f328c64 sp=0x00000023b77faa40
Event: 200.471 Thread 0x0000020c8ff6b600 DEOPT UNPACKING pc=0x0000020c977c239d sp=0x00000023b77fa990 mode 2
Event: 200.472 Thread 0x0000020c8ff6b600 Uncommon trap: trap_request=0xffffff45 fr.pc=0x0000020c9f32a2d4 relative=0x0000000000000314
Event: 200.472 Thread 0x0000020c8ff6b600 Uncommon trap: reason=unstable_if action=reinterpret pc=0x0000020c9f32a2d4 method=java.util.regex.Pattern$Start.match(Ljava/util/regex/Matcher;ILjava/lang/CharSequence;)Z @ 10 c2
Event: 200.472 Thread 0x0000020c8ff6b600 DEOPT PACKING pc=0x0000020c9f32a2d4 sp=0x00000023b77faaf0
Event: 200.472 Thread 0x0000020c8ff6b600 DEOPT UNPACKING pc=0x0000020c977c239d sp=0x00000023b77faad0 mode 2
Event: 200.650 Thread 0x0000020c8ff6b600 DEOPT PACKING pc=0x0000020c97dec0fd sp=0x00000023b77f8d40
Event: 200.650 Thread 0x0000020c8ff6b600 DEOPT UNPACKING pc=0x0000020c977c2b24 sp=0x00000023b77f81c8 mode 0
Event: 200.721 Thread 0x0000020c8ff6b600 DEOPT PACKING pc=0x0000020c98187692 sp=0x00000023b77fbe20
Event: 200.721 Thread 0x0000020c8ff6b600 DEOPT UNPACKING pc=0x0000020c977c2b24 sp=0x00000023b77fb2c0 mode 0
Event: 200.940 Thread 0x0000020c8ff6b600 DEOPT PACKING pc=0x0000020c980a4143 sp=0x00000023b77fbcd0
Event: 200.940 Thread 0x0000020c8ff6b600 DEOPT UNPACKING pc=0x0000020c977c2b24 sp=0x00000023b77fb158 mode 0

Classes unloaded (0 events):
No events

Classes redefined (0 events):
No events

Internal exceptions (20 events):
Event: 175.362 Thread 0x0000020c8ff6b600 Exception <a 'java/lang/NoSuchMethodError'{0x00000000d4f19848}: 'java.lang.Object java.lang.invoke.DirectMethodHandle$Holder.invokeStatic(java.lang.Object, java.lang.Object, long, java.lang.Object)'> (0x00000000d4f19848) 
thrown [t:\workspace\open\src\hotspot\share\interpreter\linkResolver.cpp, line 766]
Event: 175.363 Thread 0x0000020c8ff6b600 Exception <a 'java/lang/NoSuchMethodError'{0x00000000d4f1d588}: 'java.lang.Object java.lang.invoke.DirectMethodHandle$Holder.invokeStaticInit(java.lang.Object, java.lang.Object, long, java.lang.Object)'> (0x00000000d4f1d588) 
thrown [t:\workspace\open\src\hotspot\share\interpreter\linkResolver.cpp, line 766]
Event: 175.364 Thread 0x0000020c8ff6b600 Exception <a 'java/lang/NoSuchMethodError'{0x00000000d4f23e40}: 'java.lang.Object java.lang.invoke.DirectMethodHandle$Holder.newInvokeSpecial(java.lang.Object, java.lang.Object, long)'> (0x00000000d4f23e40) 
thrown [t:\workspace\open\src\hotspot\share\interpreter\linkResolver.cpp, line 766]
Event: 197.950 Thread 0x0000020c8ff6b600 Exception <a 'java/net/ConnectException'{0x00000000d482f3d0}: Connection timed out: no further information> (0x00000000d482f3d0) 
thrown [t:\workspace\open\src\hotspot\share\prims\jni.cpp, line 535]
Event: 197.950 Thread 0x0000020c8ff6b600 Exception <a 'java/net/SocketException'{0x00000000d482fc58}: Socket is not connected: shutdown> (0x00000000d482fc58) 
thrown [t:\workspace\open\src\hotspot\share\prims\jni.cpp, line 535]
Event: 199.948 Thread 0x0000020c8ff6b600 Exception <a 'java/lang/NoSuchMethodError'{0x00000000d453c458}: 'void java.lang.invoke.DirectMethodHandle$Holder.invokeVirtual(java.lang.Object, java.lang.Object)'> (0x00000000d453c458) 
thrown [t:\workspace\open\src\hotspot\share\interpreter\linkResolver.cpp, line 766]
Event: 199.952 Thread 0x0000020c8ff6b600 Exception <a 'java/lang/NoSuchMethodError'{0x00000000d454b2e8}: 'java.lang.Object java.lang.invoke.DirectMethodHandle$Holder.newInvokeSpecial(java.lang.Object, java.lang.Object, int)'> (0x00000000d454b2e8) 
thrown [t:\workspace\open\src\hotspot\share\interpreter\linkResolver.cpp, line 766]
Event: 199.953 Thread 0x0000020c8ff6b600 Exception <a 'java/lang/IncompatibleClassChangeError'{0x00000000d454f120}: Found class java.lang.Object, but interface was expected> (0x00000000d454f120) 
thrown [t:\workspace\open\src\hotspot\share\interpreter\linkResolver.cpp, line 833]
Event: 200.081 Thread 0x0000020c8ff6b600 Exception <a 'java/net/SocketException'{0x00000000d433ffb0}: Socket is not connected: shutdown> (0x00000000d433ffb0) 
thrown [t:\workspace\open\src\hotspot\share\prims\jni.cpp, line 535]
Event: 200.082 Thread 0x0000020c8ff6b600 Exception <a 'java/net/SocketException'{0x00000000d4340848}: Socket is not connected: shutdown> (0x00000000d4340848) 
thrown [t:\workspace\open\src\hotspot\share\prims\jni.cpp, line 535]
Event: 200.408 Thread 0x0000020c8ff6b600 Exception <a 'java/lang/NoClassDefFoundError'{0x00000000d4f3bd70}> (0x00000000d4f3bd70) 
thrown [t:\workspace\open\src\hotspot\share\oops\instanceKlass.cpp, line 1163]
Event: 200.439 Thread 0x0000020c8ff6b600 Exception <a 'java/lang/NoSuchMethodError'{0x00000000d4e4e058}: 'java.lang.Object java.lang.invoke.DirectMethodHandle$Holder.invokeStatic(java.lang.Object, java.lang.Object, int)'> (0x00000000d4e4e058) 
thrown [t:\workspace\open\src\hotspot\share\interpreter\linkResolver.cpp, line 766]
Event: 200.441 Thread 0x0000020c8ff6b600 Exception <a 'java/lang/NoSuchMethodError'{0x00000000d4e59300}: 'void java.lang.invoke.DelegatingMethodHandle$Holder.delegate(java.lang.Object, java.lang.Object, int, java.lang.Object)'> (0x00000000d4e59300) 
thrown [t:\workspace\open\src\hotspot\share\interpreter\linkResolver.cpp, line 766]
Event: 200.448 Thread 0x0000020c8ff6b600 Exception <a 'java/lang/NoSuchMethodError'{0x00000000d4e73778}: 'java.lang.Object java.lang.invoke.Invokers$Holder.invokeExact_MT(java.lang.Object, java.lang.Object, java.lang.Object, java.lang.Object)'> (0x00000000d4e73778) 
thrown [t:\workspace\open\src\hotspot\share\interpreter\linkResolver.cpp, line 766]
Event: 200.449 Thread 0x0000020c8ff6b600 Exception <a 'java/lang/NoSuchMethodError'{0x00000000d4e77510}: 'java.lang.Object java.lang.invoke.Invokers$Holder.invokeExact_MT(java.lang.Object, java.lang.Object, java.lang.Object)'> (0x00000000d4e77510) 
thrown [t:\workspace\open\src\hotspot\share\interpreter\linkResolver.cpp, line 766]
Event: 200.451 Thread 0x0000020c8ff6b600 Exception <a 'java/lang/NoSuchMethodError'{0x00000000d4e7bd50}: 'java.lang.Object java.lang.invoke.DirectMethodHandle$Holder.invokeStatic(java.lang.Object, int, java.lang.Object, java.lang.Object)'> (0x00000000d4e7bd50) 
thrown [t:\workspace\open\src\hotspot\share\interpreter\linkResolver.cpp, line 766]
Event: 200.460 Thread 0x0000020c8ff6b600 Exception <a 'java/lang/IncompatibleClassChangeError'{0x00000000d4eaa518}: Found class java.lang.Object, but interface was expected> (0x00000000d4eaa518) 
thrown [t:\workspace\open\src\hotspot\share\interpreter\linkResolver.cpp, line 833]
Event: 200.465 Thread 0x0000020c8ff6b600 Exception <a 'java/lang/NoSuchMethodError'{0x00000000d4ec0818}: 'void java.lang.invoke.DirectMethodHandle$Holder.invokeSpecial(java.lang.Object, java.lang.Object, java.lang.Object, java.lang.Object, java.lang.Object)'> (0x00000000d4ec0818) 
thrown [t:\workspace\open\src\hotspot\share\interpreter\linkResolver.cpp, line 766]
Event: 201.079 Thread 0x0000020c8ff6b600 Exception <a 'java/lang/NoSuchMethodError'{0x00000000d4240358}: 'java.lang.Object java.lang.invoke.DirectMethodHandle$Holder.invokeSpecialIFC(java.lang.Object, java.lang.Object, java.lang.Object, java.lang.Object)'> (0x00000000d4240358) 
thrown [t:\workspace\open\src\hotspot\share\interpreter\linkResolver.cpp, line 766]
Event: 201.128 Thread 0x0000020c8ff6b600 Exception <a 'java/lang/NoSuchMethodError'{0x00000000d4f7afc0}: 'java.lang.Object java.lang.invoke.DirectMethodHandle$Holder.invokeInterface(java.lang.Object, java.lang.Object, java.lang.Object, java.lang.Object)'> (0x00000000d4f7afc0) 
thrown [t:\workspace\open\src\hotspot\share\interpreter\linkResolver.cpp, line 766]

VM Operations (20 events):
Event: 27.565 Executing VM operation: Cleanup
Event: 27.565 Executing VM operation: Cleanup done
Event: 89.756 Executing VM operation: HandshakeAllThreads
Event: 89.756 Executing VM operation: HandshakeAllThreads done
Event: 90.770 Executing VM operation: Cleanup
Event: 90.770 Executing VM operation: Cleanup done
Event: 175.326 Executing VM operation: G1CollectForAllocation
Event: 175.338 Executing VM operation: G1CollectForAllocation done
Event: 176.345 Executing VM operation: Cleanup
Event: 176.346 Executing VM operation: Cleanup done
Event: 177.353 Executing VM operation: Cleanup
Event: 177.353 Executing VM operation: Cleanup done
Event: 199.534 Executing VM operation: Cleanup
Event: 199.534 Executing VM operation: Cleanup done
Event: 200.391 Executing VM operation: G1CollectForAllocation
Event: 200.400 Executing VM operation: G1CollectForAllocation done
Event: 200.439 Executing VM operation: HandshakeAllThreads
Event: 200.439 Executing VM operation: HandshakeAllThreads done
Event: 201.093 Executing VM operation: CollectForMetadataAllocation
Event: 201.099 Executing VM operation: CollectForMetadataAllocation done

Events (20 events):
Event: 200.928 loading class sun/nio/ch/SourceChannelImpl
Event: 200.928 loading class java/nio/channels/Pipe$SourceChannel
Event: 200.928 loading class java/nio/channels/Pipe$SourceChannel done
Event: 200.928 loading class sun/nio/ch/SourceChannelImpl done
Event: 200.928 loading class sun/nio/ch/SinkChannelImpl
Event: 200.928 loading class java/nio/channels/Pipe$SinkChannel
Event: 200.929 loading class java/nio/channels/Pipe$SinkChannel done
Event: 200.929 loading class sun/nio/ch/SinkChannelImpl done
Event: 200.933 loading class java/nio/channels/SelectionKey
Event: 200.933 loading class java/nio/channels/SelectionKey done
Event: 200.972 loading class java/nio/charset/CharacterCodingException
Event: 200.972 loading class java/nio/charset/CharacterCodingException done
Event: 201.000 loading class java/nio/ReadOnlyBufferException
Event: 201.001 loading class java/nio/ReadOnlyBufferException done
Event: 201.122 loading class java/util/logging/ErrorManager
Event: 201.122 loading class java/util/logging/ErrorManager done
Event: 201.129 loading class java/util/stream/Streams$ConcatSpliterator$OfRef
Event: 201.130 loading class java/util/stream/Streams$ConcatSpliterator
Event: 201.130 loading class java/util/stream/Streams$ConcatSpliterator done
Event: 201.130 loading class java/util/stream/Streams$ConcatSpliterator$OfRef done


Dynamic libraries:
0x00007ff7c0f60000 - 0x00007ff7c0f70000 	C:\Program Files\Java\jdk-17\bin\javaw.exe
0x00007ff806990000 - 0x00007ff806b87000 	C:\Windows\SYSTEM32\ntdll.dll
0x00007ff805e80000 - 0x00007ff805f3d000 	C:\Windows\System32\KERNEL32.DLL
0x00007ff8044c0000 - 0x00007ff80478d000 	C:\Windows\System32\KERNELBASE.dll
0x00007ff804790000 - 0x00007ff804890000 	C:\Windows\System32\ucrtbase.dll
0x00007ffffdcf0000 - 0x00007ffffdd08000 	C:\Program Files\Java\jdk-17\bin\jli.dll
0x00007ff805fa0000 - 0x00007ff80604e000 	C:\Windows\System32\ADVAPI32.dll
0x00007ff806160000 - 0x00007ff8061fe000 	C:\Windows\System32\msvcrt.dll
0x00007ff805270000 - 0x00007ff80530c000 	C:\Windows\System32\sechost.dll
0x00007ff805830000 - 0x00007ff805955000 	C:\Windows\System32\RPCRT4.dll
0x00007ff804bf0000 - 0x00007ff804d90000 	C:\Windows\System32\USER32.dll
0x00007ff8041c0000 - 0x00007ff8041e2000 	C:\Windows\System32\win32u.dll
0x00007ff805310000 - 0x00007ff80533a000 	C:\Windows\System32\GDI32.dll
0x00007ff8040b0000 - 0x00007ff8041bb000 	C:\Windows\System32\gdi32full.dll
0x00007ff804420000 - 0x00007ff8044bd000 	C:\Windows\System32\msvcp_win.dll
0x00007ffff1ab0000 - 0x00007ffff1aca000 	C:\Program Files\Java\jdk-17\bin\VCRUNTIME140.dll
0x00007ffff3d90000 - 0x00007ffff3d9a000 	C:\Windows\SYSTEM32\VERSION.dll
0x00007ffff6a30000 - 0x00007ffff6cca000 	C:\Windows\WinSxS\amd64_microsoft.windows.common-controls_6595b64144ccf1df_6.0.19041.1110_none_60b5254171f9507e\COMCTL32.dll
0x00007ff805500000 - 0x00007ff805530000 	C:\Windows\System32\IMM32.DLL
0x00007ffffdce0000 - 0x00007ffffdcec000 	C:\Program Files\Java\jdk-17\bin\vcruntime140_1.dll
0x00007ffff1a20000 - 0x00007ffff1aad000 	C:\Program Files\Java\jdk-17\bin\msvcp140.dll
0x00007fffb0440000 - 0x00007fffb0ffe000 	C:\Program Files\Java\jdk-17\bin\server\jvm.dll
0x00007ff805530000 - 0x00007ff805538000 	C:\Windows\System32\PSAPI.DLL
0x00007fffb39a0000 - 0x00007fffb39a9000 	C:\Windows\SYSTEM32\WSOCK32.dll
0x00007ff8060e0000 - 0x00007ff80614b000 	C:\Windows\System32\WS2_32.dll
0x00007fffef840000 - 0x00007fffef867000 	C:\Windows\SYSTEM32\WINMM.dll
0x00007ff801fb0000 - 0x00007ff801fc2000 	C:\Windows\SYSTEM32\kernel.appcore.dll
0x00007fffb0430000 - 0x00007fffb043a000 	C:\Program Files\Java\jdk-17\bin\jimage.dll
0x00007ffff1ec0000 - 0x00007ffff20a4000 	C:\Windows\SYSTEM32\DBGHELP.DLL
0x00007ffff2240000 - 0x00007ffff226c000 	C:\Windows\SYSTEM32\dbgcore.DLL
0x00007ff8041f0000 - 0x00007ff804272000 	C:\Windows\System32\bcryptPrimitives.dll
0x00007fffb0400000 - 0x00007fffb0425000 	C:\Program Files\Java\jdk-17\bin\java.dll
0x00007fffb0320000 - 0x00007fffb03f6000 	C:\Program Files\Java\jdk-17\bin\svml.dll
0x00007ff806200000 - 0x00007ff806944000 	C:\Windows\System32\SHELL32.dll
0x00007ff8021b0000 - 0x00007ff802944000 	C:\Windows\SYSTEM32\windows.storage.dll
0x00007ff804d90000 - 0x00007ff8050e4000 	C:\Windows\System32\combase.dll
0x00007ff803b10000 - 0x00007ff803b3c000 	C:\Windows\SYSTEM32\Wldp.dll
0x00007ff805960000 - 0x00007ff805a0d000 	C:\Windows\System32\SHCORE.dll
0x00007ff805f40000 - 0x00007ff805f95000 	C:\Windows\System32\shlwapi.dll
0x00007ff803ff0000 - 0x00007ff80400f000 	C:\Windows\SYSTEM32\profapi.dll
0x00007fffb0300000 - 0x00007fffb0319000 	C:\Program Files\Java\jdk-17\bin\net.dll
0x00007ffffaef0000 - 0x00007ffffaffa000 	C:\Windows\SYSTEM32\WINHTTP.dll
0x00007ff803870000 - 0x00007ff8038da000 	C:\Windows\system32\mswsock.dll
0x00007fffb02e0000 - 0x00007fffb02f5000 	C:\Program Files\Java\jdk-17\bin\nio.dll
0x00007fffb02c0000 - 0x00007fffb02d8000 	C:\Program Files\Java\jdk-17\bin\zip.dll
0x00007ff803560000 - 0x00007ff80362b000 	C:\Windows\SYSTEM32\DNSAPI.dll
0x00007ff803510000 - 0x00007ff80354b000 	C:\Windows\SYSTEM32\IPHLPAPI.DLL
0x00007ff806150000 - 0x00007ff806158000 	C:\Windows\System32\NSI.dll
0x00007ffff6600000 - 0x00007ffff660a000 	C:\Windows\System32\rasadhlp.dll
0x00007ffff73e0000 - 0x00007ffff7460000 	C:\Windows\System32\fwpuclnt.dll
0x00007ff804330000 - 0x00007ff804357000 	C:\Windows\System32\bcrypt.dll
0x00007ff803a60000 - 0x00007ff803a78000 	C:\Windows\SYSTEM32\CRYPTSP.dll
0x00007ff803180000 - 0x00007ff8031b4000 	C:\Windows\system32\rsaenh.dll
0x00007ff803fb0000 - 0x00007ff803fde000 	C:\Windows\SYSTEM32\USERENV.dll
0x00007ff803a80000 - 0x00007ff803a8c000 	C:\Windows\SYSTEM32\CRYPTBASE.dll
0x00007ffffac90000 - 0x00007ffffaca7000 	C:\Windows\SYSTEM32\dhcpcsvc6.DLL
0x00007ffffc2f0000 - 0x00007ffffc30d000 	C:\Windows\SYSTEM32\dhcpcsvc.DLL
0x00007fffb1be0000 - 0x00007fffb1bf0000 	C:\Program Files\Java\jdk-17\bin\verify.dll
0x00007ffff53d0000 - 0x00007ffff53de000 	C:\Program Files\Java\jdk-17\bin\sunmscapi.dll
0x00007ff804890000 - 0x00007ff8049e6000 	C:\Windows\System32\CRYPT32.dll
0x00007ff803b80000 - 0x00007ff803ba7000 	C:\Windows\SYSTEM32\ncrypt.dll
0x00007ff803b40000 - 0x00007ff803b7b000 	C:\Windows\SYSTEM32\NTASN1.dll
0x00007ff801750000 - 0x00007ff801759000 	C:\Program Files\Java\jdk-17\bin\management.dll
0x00007ffff71e0000 - 0x00007ffff71eb000 	C:\Program Files\Java\jdk-17\bin\management_ext.dll
0x00007ffffe9b0000 - 0x00007ffffe9b7000 	C:\Windows\system32\wshunix.dll

dbghelp: loaded successfully - version: 4.0.5 - missing functions: none
symbol engine: initialized successfully - sym options: 0x614 - pdb path: .;C:\Program Files\Java\jdk-17\bin;C:\Windows\SYSTEM32;C:\Windows\WinSxS\amd64_microsoft.windows.common-controls_6595b64144ccf1df_6.0.19041.1110_none_60b5254171f9507e;C:\Program Files\Java\jdk-17\bin\server

VM Arguments:
jvm_args: -ea -Dfile.encoding=Cp1252 -XX:+ShowCodeDetailsInExceptionMessages 
java_command: org.testng.remote.RemoteTestNG -serport 49782 -protocol json -d D:\Practise\Insurance\test-output C:\Users\Admin\AppData\Local\Temp\testng-eclipse--972356529\testng-customsuite.xml
java_class_path (initial): C:\Users\Admin\eclipse\java-2021-09\eclipse\configuration\org.eclipse.osgi\440\0\.cp\lib\testng-remote.jar;D:\Practise\Insurance\target\test-classes;D:\Practise\Insurance\target\classes;C:\Users\Admin\.m2\repository\org\seleniumhq\selenium\selenium-java\4.8.1\selenium-java-4.8.1.jar;C:\Users\Admin\.m2\repository\org\seleniumhq\selenium\selenium-api\4.8.1\selenium-api-4.8.1.jar;C:\Users\Admin\.m2\repository\org\seleniumhq\selenium\selenium-chrome-driver\4.8.1\selenium-chrome-driver-4.8.1.jar;C:\Users\Admin\.m2\repository\com\google\auto\service\auto-service-annotations\1.0.1\auto-service-annotations-1.0.1.jar;C:\Users\Admin\.m2\repository\com\google\auto\service\auto-service\1.0.1\auto-service-1.0.1.jar;C:\Users\Admin\.m2\repository\com\google\auto\auto-common\1.2\auto-common-1.2.jar;C:\Users\Admin\.m2\repository\com\google\guava\guava\31.1-jre\guava-31.1-jre.jar;C:\Users\Admin\.m2\repository\com\google\guava\failureaccess\1.0.1\failureaccess-1.0.1.jar;C:\Users\Admin\.m2\repository\com\google\guava\listenablefuture\9999.0-empty-to-avoid-conflict-with-guava\listenablefuture-9999.0-empty-to-avoid-conflict-with-guava.jar;C:\Users\Admin\.m2\repository\com\google\code\findbugs\jsr305\3.0.2\jsr305-3.0.2.jar;C:\Users\Admin\.m2\repository\org\checkerframework\checker-qual\3.12.0\checker-qual-3.12.0.jar;C:\Users\Admin\.m2\repository\com\google\errorprone\error_prone_annotations\2.11.0\error_prone_annotations-2.11.0.jar;C:\Users\Admin\.m2\repository\com\google\j2objc\j2objc-annotations\1.3\j2objc-annotations-1.3.jar;C:\Users\Admin\.m2\repository\org\seleniumhq\selenium\selenium-chromium-driver\4.8.1\selenium-chromium-driver-4.8.1.jar;C:\Users\Admin\.m2\repository\org\seleniumhq\selenium\selenium-json\4.8.1\selenium-json-4.8.1.jar;C:\Users\Admin\.m2\repository\org\seleniumhq\selenium\selenium-devtools-v108\4.8.1\selenium-devtools-v108-4.8.1.jar;C:\Users\Admin\.m2\repository\org\seleniumhq\selenium\selenium-devtools-v109\4.8.1\selenium-devtools-v109-
Launcher Type: SUN_STANDARD

[Global flags]
     intx CICompilerCount                          = 3                                         {product} {ergonomic}
     uint ConcGCThreads                            = 1                                         {product} {ergonomic}
     uint G1ConcRefinementThreads                  = 4                                         {product} {ergonomic}
   size_t G1HeapRegionSize                         = 1048576                                   {product} {ergonomic}
    uintx GCDrainStackTargetSize                   = 64                                        {product} {ergonomic}
   size_t InitialHeapSize                          = 48234496                                  {product} {ergonomic}
   size_t MarkStackSize                            = 4194304                                   {product} {ergonomic}
   size_t MaxHeapSize                              = 769654784                                 {product} {ergonomic}
   size_t MaxNewSize                               = 461373440                                 {product} {ergonomic}
   size_t MinHeapDeltaBytes                        = 1048576                                   {product} {ergonomic}
   size_t MinHeapSize                              = 8388608                                   {product} {ergonomic}
    uintx NonNMethodCodeHeapSize                   = 5832780                                {pd product} {ergonomic}
    uintx NonProfiledCodeHeapSize                  = 122912730                              {pd product} {ergonomic}
    uintx ProfiledCodeHeapSize                     = 122912730                              {pd product} {ergonomic}
    uintx ReservedCodeCacheSize                    = 251658240                              {pd product} {ergonomic}
     bool SegmentedCodeCache                       = true                                      {product} {ergonomic}
     bool ShowCodeDetailsInExceptionMessages       = true                                   {manageable} {command line}
   size_t SoftMaxHeapSize                          = 769654784                              {manageable} {ergonomic}
     bool UseCompressedClassPointers               = true                           {product lp64_product} {ergonomic}
     bool UseCompressedOops                        = true                           {product lp64_product} {ergonomic}
     bool UseG1GC                                  = true                                      {product} {ergonomic}
     bool UseLargePagesIndividualAllocation        = false                                  {pd product} {ergonomic}

Logging:
Log output configuration:
 #0: stdout all=warning uptime,level,tags
 #1: stderr all=off uptime,level,tags

Environment Variables:
PATH=C:/Program Files/Java/jdk-17/bin/server;C:/Program Files/Java/jdk-17/bin;C:\Program Files\Java\jdk-17\bin;C:\Program Files\Git\cmd;C:\Users\Admin\AppData\Local\Microsoft\WindowsApps;;C:\Users\Admin\AppData\Local\Programs\Microsoft VS Code\bin;C:\Users\Admin\Desktop;
USERNAME=Admin
OS=Windows_NT
PROCESSOR_IDENTIFIER=Intel64 Family 6 Model 37 Stepping 5, GenuineIntel



---------------  S Y S T E M  ---------------

OS:
 Windows 10 , 64 bit Build 19041 (10.0.19041.1741)
OS uptime: 0 days 0:05 hours

CPU: total 4 (initial active 4) (2 cores per cpu, 2 threads per core) family 6 model 37 stepping 5 microcode 0x7, cx8, cmov, fxsr, ht, mmx, sse, sse2, sse3, ssse3, sse4.1, sse4.2, popcnt, tsc, tscinvbit, clflush

Memory: 4k page, system-wide physical 2932M (252M free)
TotalPageFile size 5748M (AvailPageFile size 2158M)
current process WorkingSet (physical memory assigned to process): 120M, peak: 120M
current process commit charge ("private bytes"): 164M, peak: 164M

vm_info: Java HotSpot(TM) 64-Bit Server VM (17+35-LTS-2724) for windows-amd64 JRE (17+35-LTS-2724), built on Aug  5 2021 23:28:28 by "mach5one" with MS VC++ 16.8 (VS2019)

END.
