#
# A fatal error has been detected by the Java Runtime Environment:
#
#  EXCEPTION_ACCESS_VIOLATION (0xc0000005) at pc=0x00007fffb0712252, pid=4028, tid=8556
#
# JRE version: Java(TM) SE Runtime Environment (17.0+35) (build 17+35-LTS-2724)
# Java VM: Java HotSpot(TM) 64-Bit Server VM (17+35-LTS-2724, mixed mode, sharing, tiered, compressed oops, compressed class ptrs, g1 gc, windows-amd64)
# Problematic frame:
# V  [jvm.dll+0x2d2252]
#
# No core dump will be written. Minidumps are not enabled by default on client versions of Windows
#
# If you would like to submit a bug report, please visit:
#   https://bugreport.java.com/bugreport/crash.jsp
#

---------------  S U M M A R Y ------------

Command Line: -ea -Dfile.encoding=Cp1252 -XX:+ShowCodeDetailsInExceptionMessages org.testng.remote.RemoteTestNG -serport 49985 -protocol json -d D:\Practise\Insurance\test-output C:\Users\Admin\AppData\Local\Temp\testng-eclipse--469953852\testng-customsuite.xml

Host: Intel(R) Core(TM) i3 CPU       M 380  @ 2.53GHz, 4 cores, 2G,  Windows 10 , 64 bit Build 19041 (10.0.19041.1741)
Time: Sun Mar 12 16:06:12 2023 India Standard Time elapsed time: 5.040095 seconds (0d 0h 0m 5s)

---------------  T H R E A D  ---------------

Current thread (0x000001c349dded30):  ConcurrentGCThread "G1 Conc#0" [stack: 0x000000abd1e00000,0x000000abd1f00000] [id=8556]

Stack: [0x000000abd1e00000,0x000000abd1f00000],  sp=0x000000abd1eff820,  free space=1022k
Native frames: (J=compiled Java code, j=interpreted, Vv=VM code, C=native code)
V  [jvm.dll+0x2d2252]
V  [jvm.dll+0x2d1f9f]
V  [jvm.dll+0x2d049d]
V  [jvm.dll+0x2cfe71]
V  [jvm.dll+0x2e56ee]
V  [jvm.dll+0x2e1e61]
V  [jvm.dll+0x2e37bc]
V  [jvm.dll+0x2e2794]
V  [jvm.dll+0x2e62f6]
V  [jvm.dll+0x7fb7ab]
V  [jvm.dll+0x7fb7f6]
V  [jvm.dll+0x77e7ea]
V  [jvm.dll+0x66e715]
C  [ucrtbase.dll+0x21bb2]
C  [KERNEL32.DLL+0x17034]
C  [ntdll.dll+0x52651]


siginfo: EXCEPTION_ACCESS_VIOLATION (0xc0000005), reading address 0x00000000000000c0


Register to memory mapping:

RIP=0x00007fffb0712252 jvm.dll
RAX=0x000001c349dc75f0 points into unknown readable memory: 0x0000000000000000 | 00 00 00 00 00 00 00 00
RBX=0x000001c349de1a40 points into unknown readable memory: 0x00007fffb0d2e548 | 48 e5 d2 b0 ff 7f 00 00
RCX=0x0000000000000014 is an unknown value
RDX=0x0 is NULL
RSP=0x000000abd1eff820 points into unknown readable memory: 0x0000000000000000 | 00 00 00 00 00 00 00 00
RBP=0x0 is NULL
RSI=0x000001c349dd7680 points into unknown readable memory: 0x000001c349dde320 | 20 e3 dd 49 c3 01 00 00
RDI=0x00000000d6c19d90 is an unallocated location in the heap
R8 =0x00000000d6c19d90 is an unallocated location in the heap
R9 =0x0 is NULL
R10=0x000000000000000a is an unknown value
R11=0x0000000000000003 is an unknown value
R12=0x0 is NULL
R13=0xaaaaaaaaaaaaaaab is an unknown value
R14=0x00000000d2c18e98 is an oop: java.lang.Class 
{0x00000000d2c18e98} - klass: 'java/lang/Class'
 - ---- fields (total size 18 words):
 - private volatile transient 'classRedefinedCount' 'I' @12  0
 - private volatile transient 'cachedConstructor' 'Ljava/lang/reflect/Constructor;' @40  NULL (0)
 - private transient 'name' 'Ljava/lang/String;' @44  "org.apache.commons.io.file.PathUtils"{0x00000000d2c19e48} (d2c19e48)
 - private transient 'module' 'Ljava/lang/Module;' @48  a 'java/lang/Module'{0x00000000d2449a48} (d2449a48)
 - private final 'classLoader' 'Ljava/lang/ClassLoader;' @52  a 'jdk/internal/loader/ClassLoaders$AppClassLoader'{0x00000000d2449600} (d2449600)
 - private transient 'classData' 'Ljava/lang/Object;' @56  NULL (0)
 - private transient 'packageName' 'Ljava/lang/String;' @60  "org.apache.commons.io.file"{0x00000000d2b2c848} (d2b2c848)
 - private final 'componentType' 'Ljava/lang/Class;' @64  NULL (0)
 - private volatile transient 'reflectionData' 'Ljava/lang/ref/SoftReference;' @68  NULL (0)
 - private volatile transient 'genericInfo' 'Lsun/reflect/generics/repository/ClassRepository;' @72  NULL (0)
 - private volatile transient 'enumConstants' '[Ljava/lang/Object;' @76  NULL (0)
 - private volatile transient 'enumConstantDirectory' 'Ljava/util/Map;' @80  NULL (0)
 - private volatile transient 'annotationData' 'Ljava/lang/Class$AnnotationData;' @84  NULL (0)
 - private volatile transient 'annotationType' 'Lsun/reflect/annotation/AnnotationType;' @88  NULL (0)
 - transient 'classValueMap' 'Ljava/lang/ClassValue$ClassValueMap;' @92  NULL (0)
 - signature: Lorg/apache/commons/io/file/PathUtils;
 - fake entry for mirror: 'org/apache/commons/io/file/PathUtils'
 - fake entry for array: NULL
 - fake entry for oop_size: 18
 - fake entry for static_oop_field_count: 7
 - public static final 'EMPTY_COPY_OPTIONS' '[Ljava/nio/file/CopyOption;' @112  a 'java/nio/file/CopyOption'[0] {0x00000000d2c19e38} (d2c19e38)
 - public static final 'EMPTY_DELETE_OPTION_ARRAY' '[Lorg/apache/commons/io/file/DeleteOption;' @116  a 'org/apache/commons/io/file/DeleteOption'[0] {0x00000000d2c19e28} (d2c19e28)
 - public static final 'EMPTY_FILE_VISIT_OPTION_ARRAY' '[Ljava/nio/file/FileVisitOption;' @120  a 'java/nio/file/FileVisitOption'[0] {0x00000000d2c19e18} (d2c19e18)
 - public static final 'EMPTY_LINK_OPTION_ARRAY' '[Ljava/nio/file/LinkOption;' @124  a 'java/nio/file/LinkOption'[0] {0x00000000d2c19e08} (d2c19e08)
 - public static final 'NOFOLLOW_LINK_OPTION_ARRAY' '[Ljava/nio/file/LinkOption;' @128  a 'java/nio/file/LinkOption'[1] {0x00000000d2c19da0} (d2c19da0)
 - public static final 'EMPTY_OPEN_OPTION_ARRAY' '[Ljava/nio/file/OpenOption;' @132  
[error occurred during error reporting (printing register info), id 0xc0000005, EXCEPTION_ACCESS_VIOLATION (0xc0000005) at pc=0x00007fffb07cc6be]

Registers:
RAX=0x000001c349dc75f0, RBX=0x000001c349de1a40, RCX=0x0000000000000014, RDX=0x0000000000000000
RSP=0x000000abd1eff820, RBP=0x0000000000000000, RSI=0x000001c349dd7680, RDI=0x00000000d6c19d90
R8 =0x00000000d6c19d90, R9 =0x0000000000000000, R10=0x000000000000000a, R11=0x0000000000000003
R12=0x0000000000000000, R13=0xaaaaaaaaaaaaaaab, R14=0x00000000d2c18e98, R15=0x000000abd1eff9b0
RIP=0x00007fffb0712252, EFLAGS=0x0000000000010206

Top of Stack: (sp=0x000000abd1eff820)
0x000000abd1eff820:   0000000000000000 00007fffb0712284
0x000000abd1eff830:   00000d8076bab2f2 000000abd1eff9f0
0x000000abd1eff840:   00000000d6c19d90 00007fffb0711f9f
0x000000abd1eff850:   000001c349de1a40 000000abd1eff9f0
0x000000abd1eff860:   00000000d2c18e98 000000abd1eff9f0
0x000000abd1eff870:   00000000d2c18f24 00007fffb071049d
0x000000abd1eff880:   00000000d2c18f1c 00007fffb07107ad
0x000000abd1eff890:   00000000d2c18cac 00007fffb070fe71
0x000000abd1eff8a0:   0000000000000001 0000000800001720
0x000000abd1eff8b0:   000000abd1eff9f0 00007fffb070fe71
0x000000abd1eff8c0:   00000000d2c18e98 000000abd1eff9b0
0x000000abd1eff8d0:   0000000000000012 0000000000000000
0x000000abd1eff8e0:   000001c349de1a40 00007fffb07256ee
0x000000abd1eff8f0:   00000000d2c18e98 000001c349dd76d0
0x000000abd1eff900:   000000abd1eff9b0 000001c349dd76d0
0x000000abd1eff910:   00000000d2c18e98 00007fffb0721e61 

Instructions: (pc=0x00007fffb0712252)
0x00007fffb0712152:   48 3b c8 75 ee 32 db 48 8b 6c 24 38 0f b6 c3 48
0x00007fffb0712162:   8b 5c 24 30 48 8b 74 24 40 48 83 c4 20 5f c3 80
0x00007fffb0712172:   3d 9b 67 81 00 00 b3 01 74 15 8b 57 08 8b 0d 33
0x00007fffb0712182:   f1 7a 00 48 d3 e2 48 03 15 21 f1 7a 00 eb 04 48
0x00007fffb0712192:   8b 57 08 48 8b cf e8 43 a9 ed ff 4c 63 d8 48 8b
0x00007fffb07121a2:   86 08 03 00 00 4c 8b 04 e8 49 8b 40 18 8b 88 c0
0x00007fffb07121b2:   01 00 00 48 8b 90 b8 01 00 00 48 d3 e2 8b 0d 3b
0x00007fffb07121c2:   71 81 00 48 2b fa 41 8b 50 60 48 d3 ef 44 8b d7
0x00007fffb07121d2:   49 23 d2 48 c1 e2 04 49 03 50 40 8b 02 3b c7 74
0x00007fffb07121e2:   2d 4c 8b 4a 08 4d 85 c9 74 0c 8b c8 49 8b 40 38
0x00007fffb07121f2:   f0 4c 0f c1 0c c8 48 c7 42 08 00 00 00 00 44 89
0x00007fffb0712202:   12 49 ff 40 58 4c 01 5a 08 e9 49 ff ff ff 49 ff
0x00007fffb0712212:   40 50 4c 01 5a 08 e9 3c ff ff ff cc cc cc 48 89
0x00007fffb0712222:   6c 24 10 48 89 74 24 18 57 48 83 ec 20 48 8b 41
0x00007fffb0712232:   08 48 8b f1 4d 8b c8 8b ea 49 8b f8 8b 88 c0 01
0x00007fffb0712242:   00 00 48 8b 80 b0 01 00 00 49 d3 e9 4e 8b 0c c8
0x00007fffb0712252:   4d 3b 81 c0 00 00 00 72 12 32 c0 48 8b 6c 24 38
0x00007fffb0712262:   48 8b 74 24 40 48 83 c4 20 5f c3 48 89 5c 24 30
0x00007fffb0712272:   48 8b d7 48 8b 9e 98 00 00 00 48 8b cb 48 8b 03
0x00007fffb0712282:   ff 10 8b 4b 18 48 8b d7 48 2b 53 08 48 8b 43 20
0x00007fffb0712292:   48 c1 ea 03 48 d3 ea 48 8b ca 48 c1 e9 06 4c 8d
0x00007fffb07122a2:   04 c8 0f b6 ca 49 8b 00 80 e1 3f ba 01 00 00 00
0x00007fffb07122b2:   48 d3 e2 48 8b c8 48 0b ca 48 3b c8 74 12 f0 49
0x00007fffb07122c2:   0f b1 08 74 25 48 8b c8 48 0b ca 48 3b c8 75 ee
0x00007fffb07122d2:   32 db 48 8b 6c 24 38 0f b6 c3 48 8b 5c 24 30 48
0x00007fffb07122e2:   8b 74 24 40 48 83 c4 20 5f c3 80 3d 20 66 81 00
0x00007fffb07122f2:   00 b3 01 74 15 8b 57 08 8b 0d b8 ef 7a 00 48 d3
0x00007fffb0712302:   e2 48 03 15 a6 ef 7a 00 eb 04 48 8b 57 08 48 8b
0x00007fffb0712312:   cf e8 c8 a7 ed ff 4c 63 d8 48 8b 86 08 03 00 00
0x00007fffb0712322:   4c 8b 04 e8 49 8b 40 18 8b 88 c0 01 00 00 48 8b
0x00007fffb0712332:   90 b8 01 00 00 48 d3 e2 8b 0d c0 6f 81 00 48 2b
0x00007fffb0712342:   fa 41 8b 50 60 48 d3 ef 44 8b d7 49 23 d2 48 c1 


Stack slot to memory mapping:
stack at sp + 0 slots: 0x0 is NULL
stack at sp + 1 slots: 0x00007fffb0712284 jvm.dll
stack at sp + 2 slots: 0x00000d8076bab2f2 is an unknown value
stack at sp + 3 slots: 0x000000abd1eff9f0 points into unknown readable memory: 0x00007fffb0d2e568 | 68 e5 d2 b0 ff 7f 00 00
stack at sp + 4 slots: 0x00000000d6c19d90 is an unallocated location in the heap
stack at sp + 5 slots: 0x00007fffb0711f9f jvm.dll
stack at sp + 6 slots: 0x000001c349de1a40 points into unknown readable memory: 0x00007fffb0d2e548 | 48 e5 d2 b0 ff 7f 00 00
stack at sp + 7 slots: 0x000000abd1eff9f0 points into unknown readable memory: 0x00007fffb0d2e568 | 68 e5 d2 b0 ff 7f 00 00


---------------  P R O C E S S  ---------------

Threads class SMR info:
_java_thread_list=0x000001c3665c17c0, length=22, elements={
0x000001c347d0af70, 0x000001c3644b5140, 0x000001c349e7b300, 0x000001c3644c3a10,
0x000001c3644c43c0, 0x000001c3644c7520, 0x000001c3644dd190, 0x000001c3644ddb30,
0x000001c3644de1e0, 0x000001c3644e67d0, 0x000001c365040600, 0x000001c36503e450,
0x000001c365040ad0, 0x000001c36503f790, 0x000001c36503e920, 0x000001c365040130,
0x000001c36503fc60, 0x000001c365041940, 0x000001c365041470, 0x000001c3665cca10,
0x000001c3665ce6f0, 0x000001c3665cebc0
}

Java Threads: ( => current thread )
  0x000001c347d0af70 JavaThread "Forwarding newSession on session null to remote" [_thread_blocked, id=3376, stack(0x000000abd1b00000,0x000000abd1c00000)]
  0x000001c3644b5140 JavaThread "Reference Handler" daemon [_thread_blocked, id=6784, stack(0x000000abd2200000,0x000000abd2300000)]
  0x000001c349e7b300 JavaThread "Finalizer" daemon [_thread_blocked, id=3668, stack(0x000000abd2300000,0x000000abd2400000)]
  0x000001c3644c3a10 JavaThread "Signal Dispatcher" daemon [_thread_blocked, id=3108, stack(0x000000abd2400000,0x000000abd2500000)]
  0x000001c3644c43c0 JavaThread "Attach Listener" daemon [_thread_blocked, id=740, stack(0x000000abd2500000,0x000000abd2600000)]
  0x000001c3644c7520 JavaThread "Service Thread" daemon [_thread_blocked, id=9132, stack(0x000000abd2600000,0x000000abd2700000)]
  0x000001c3644dd190 JavaThread "Monitor Deflation Thread" daemon [_thread_blocked, id=372, stack(0x000000abd2700000,0x000000abd2800000)]
  0x000001c3644ddb30 JavaThread "C2 CompilerThread0" daemon [_thread_blocked, id=2516, stack(0x000000abd2800000,0x000000abd2900000)]
  0x000001c3644de1e0 JavaThread "C1 CompilerThread0" daemon [_thread_blocked, id=3360, stack(0x000000abd2900000,0x000000abd2a00000)]
  0x000001c3644e67d0 JavaThread "Sweeper thread" daemon [_thread_blocked, id=1956, stack(0x000000abd2a00000,0x000000abd2b00000)]
  0x000001c365040600 JavaThread "Notification Thread" daemon [_thread_blocked, id=2988, stack(0x000000abd2b00000,0x000000abd2c00000)]
  0x000001c36503e450 JavaThread "Common-Cleaner" daemon [_thread_blocked, id=4792, stack(0x000000abd2d00000,0x000000abd2e00000)]
  0x000001c365040ad0 JavaThread "ReaderThread" [_thread_in_native, id=5980, stack(0x000000abd3200000,0x000000abd3300000)]
  0x000001c36503f790 JavaThread "ForkJoinPool.commonPool-worker-1" daemon [_thread_blocked, id=5976, stack(0x000000abd3400000,0x000000abd3500000)]
  0x000001c36503e920 JavaThread "AsyncHttpClient-1-1" daemon [_thread_blocked, id=5964, stack(0x000000abd3000000,0x000000abd3100000)]
  0x000001c365040130 JavaThread "Exec Default Executor" daemon [_thread_in_native, id=3112, stack(0x000000abd3500000,0x000000abd3600000)]
  0x000001c36503fc60 JavaThread "Exec Stream Pumper" daemon [_thread_in_native, id=5960, stack(0x000000abd3600000,0x000000abd3700000)]
  0x000001c365041940 JavaThread "Exec Stream Pumper" daemon [_thread_in_native, id=5948, stack(0x000000abd3700000,0x000000abd3800000)]
  0x000001c365041470 JavaThread "Driver Service Executor" daemon [_thread_blocked, id=5972, stack(0x000000abd3800000,0x000000abd3900000)]
  0x000001c3665cca10 JavaThread "Driver Service Executor" daemon [_thread_blocked, id=6024, stack(0x000000abd3900000,0x000000abd3a00000)]
  0x000001c3665ce6f0 JavaThread "UrlChecker-2" daemon [_thread_blocked, id=7824, stack(0x000000abd3a00000,0x000000abd3b00000)]
  0x000001c3665cebc0 JavaThread "Keep-Alive-Timer" daemon [_thread_blocked, id=7464, stack(0x000000abd3b00000,0x000000abd3c00000)]

Other Threads:
  0x000001c349e78a00 VMThread "VM Thread" [stack: 0x000000abd2100000,0x000000abd2200000] [id=5460]
  0x000001c365043f50 WatcherThread [stack: 0x000000abd2c00000,0x000000abd2d00000] [id=3196]
  0x000001c349dd5c70 GCTaskThread "GC Thread#0" [stack: 0x000000abd1c00000,0x000000abd1d00000] [id=4904]
  0x000001c365583c60 GCTaskThread "GC Thread#1" [stack: 0x000000abd2e00000,0x000000abd2f00000] [id=6084]
  0x000001c3655b52b0 GCTaskThread "GC Thread#2" [stack: 0x000000abd2f00000,0x000000abd3000000] [id=5824]
  0x000001c3658e3650 GCTaskThread "GC Thread#3" [stack: 0x000000abd3300000,0x000000abd3400000] [id=5832]
  0x000001c349dde320 ConcurrentGCThread "G1 Main Marker" [stack: 0x000000abd1d00000,0x000000abd1e00000] [id=6328]
=>0x000001c349dded30 ConcurrentGCThread "G1 Conc#0" [stack: 0x000000abd1e00000,0x000000abd1f00000] [id=8556]
  0x000001c349e1a1c0 ConcurrentGCThread "G1 Refine#0" [stack: 0x000000abd1f00000,0x000000abd2000000] [id=6684]
  0x000001c349e1abe0 ConcurrentGCThread "G1 Service" [stack: 0x000000abd2000000,0x000000abd2100000] [id=8156]

Threads with active compile tasks:

VM state: not at safepoint (normal execution)

VM Mutex/Monitor currently owned by a thread:  ([mutex/lock_event])
[0x000001c349dadb70] Heap_lock - owner thread: 0x000001c347d0af70

Heap address: 0x00000000d2200000, size: 734 MB, Compressed Oops mode: 32-bit

CDS archive(s) mapped at: [0x0000000800000000-0x0000000800bc0000-0x0000000800bc0000), size 12320768, SharedBaseAddress: 0x0000000800000000, ArchiveRelocationMode: 0.
Compressed class space mapped at: 0x0000000800c00000-0x0000000840c00000, reserved size: 1073741824
Narrow klass base: 0x0000000800000000, Narrow klass shift: 0, Narrow klass range: 0x100000000

GC Precious Log:
 CPUs: 4 total, 4 available
 Memory: 2932M
 Large Page Support: Disabled
 NUMA Support: Disabled
 Compressed Oops: Enabled (32-bit)
 Heap Region Size: 1M
 Heap Min Capacity: 8M
 Heap Initial Capacity: 46M
 Heap Max Capacity: 734M
 Pre-touch: Disabled
 Parallel Workers: 4
 Concurrent Workers: 1
 Concurrent Refinement Workers: 4
 Periodic GC: Disabled

Heap:
 garbage-first heap   total 47104K, used 15573K [0x00000000d2200000, 0x0000000100000000)
  region size 1024K, 4 young (4096K), 2 survivors (2048K)
 Metaspace       used 21555K, committed 21824K, reserved 1073152K
  class space    used 2613K, committed 2752K, reserved 1048576K

Heap Regions: E=young(eden), S=young(survivor), O=old, HS=humongous(starts), HC=humongous(continues), CS=collection set, F=free, OA=open archive, CA=closed archive, TAMS=top-at-mark-start (previous, next)
|   0|0x00000000d2200000, 0x00000000d2300000, 0x00000000d2300000|100%| O|  |TAMS 0x00000000d2200000, 0x00000000d2300000| Untracked 
|   1|0x00000000d2300000, 0x00000000d2400000, 0x00000000d2400000|100%| O|  |TAMS 0x00000000d2300000, 0x00000000d2400000| Untracked 
|   2|0x00000000d2400000, 0x00000000d2500000, 0x00000000d2500000|100%| O|  |TAMS 0x00000000d2400000, 0x00000000d2500000| Untracked 
|   3|0x00000000d2500000, 0x00000000d2600000, 0x00000000d2600000|100%|HS|  |TAMS 0x00000000d2500000, 0x00000000d2600000| Complete 
|   4|0x00000000d2600000, 0x00000000d2700000, 0x00000000d2700000|100%| O|  |TAMS 0x00000000d2600000, 0x00000000d2700000| Untracked 
|   5|0x00000000d2700000, 0x00000000d2800000, 0x00000000d2800000|100%| O|  |TAMS 0x00000000d2700000, 0x00000000d2800000| Untracked 
|   6|0x00000000d2800000, 0x00000000d2900000, 0x00000000d2900000|100%| O|  |TAMS 0x00000000d2800000, 0x00000000d2900000| Untracked 
|   7|0x00000000d2900000, 0x00000000d2a00000, 0x00000000d2a00000|100%| O|  |TAMS 0x00000000d2900000, 0x00000000d2a00000| Untracked 
|   8|0x00000000d2a00000, 0x00000000d2b00000, 0x00000000d2b00000|100%| O|  |TAMS 0x00000000d2a00000, 0x00000000d2b00000| Untracked 
|   9|0x00000000d2b00000, 0x00000000d2c00000, 0x00000000d2c00000|100%| O|  |TAMS 0x00000000d2b00000, 0x00000000d2c00000| Untracked 
|  10|0x00000000d2c00000, 0x00000000d2d00000, 0x00000000d2d00000|100%| O|  |TAMS 0x00000000d2c00000, 0x00000000d2d00000| Untracked 
|  11|0x00000000d2d00000, 0x00000000d2e00000, 0x00000000d2e00000|100%| O|  |TAMS 0x00000000d2d00000, 0x00000000d2e00000| Untracked 
|  12|0x00000000d2e00000, 0x00000000d2e4e600, 0x00000000d2f00000| 30%| O|  |TAMS 0x00000000d2e00000, 0x00000000d2e4e600| Untracked 
|  13|0x00000000d2f00000, 0x00000000d2f00000, 0x00000000d3000000|  0%| F|  |TAMS 0x00000000d2f00000, 0x00000000d2f00000| Untracked 
|  14|0x00000000d3000000, 0x00000000d3000000, 0x00000000d3100000|  0%| F|  |TAMS 0x00000000d3000000, 0x00000000d3000000| Untracked 
|  15|0x00000000d3100000, 0x00000000d3100000, 0x00000000d3200000|  0%| F|  |TAMS 0x00000000d3100000, 0x00000000d3100000| Untracked 
|  16|0x00000000d3200000, 0x00000000d3200000, 0x00000000d3300000|  0%| F|  |TAMS 0x00000000d3200000, 0x00000000d3200000| Untracked 
|  17|0x00000000d3300000, 0x00000000d3300000, 0x00000000d3400000|  0%| F|  |TAMS 0x00000000d3300000, 0x00000000d3300000| Untracked 
|  18|0x00000000d3400000, 0x00000000d3400000, 0x00000000d3500000|  0%| F|  |TAMS 0x00000000d3400000, 0x00000000d3400000| Untracked 
|  19|0x00000000d3500000, 0x00000000d3500000, 0x00000000d3600000|  0%| F|  |TAMS 0x00000000d3500000, 0x00000000d3500000| Untracked 
|  20|0x00000000d3600000, 0x00000000d3600000, 0x00000000d3700000|  0%| F|  |TAMS 0x00000000d3600000, 0x00000000d3600000| Untracked 
|  21|0x00000000d3700000, 0x00000000d3700000, 0x00000000d3800000|  0%| F|  |TAMS 0x00000000d3700000, 0x00000000d3700000| Untracked 
|  22|0x00000000d3800000, 0x00000000d3800000, 0x00000000d3900000|  0%| F|  |TAMS 0x00000000d3800000, 0x00000000d3800000| Untracked 
|  23|0x00000000d3900000, 0x00000000d3900000, 0x00000000d3a00000|  0%| F|  |TAMS 0x00000000d3900000, 0x00000000d3900000| Untracked 
|  24|0x00000000d3a00000, 0x00000000d3a00000, 0x00000000d3b00000|  0%| F|  |TAMS 0x00000000d3a00000, 0x00000000d3a00000| Untracked 
|  25|0x00000000d3b00000, 0x00000000d3b00000, 0x00000000d3c00000|  0%| F|  |TAMS 0x00000000d3b00000, 0x00000000d3b00000| Untracked 
|  26|0x00000000d3c00000, 0x00000000d3c00000, 0x00000000d3d00000|  0%| F|  |TAMS 0x00000000d3c00000, 0x00000000d3c00000| Untracked 
|  27|0x00000000d3d00000, 0x00000000d3d00000, 0x00000000d3e00000|  0%| F|  |TAMS 0x00000000d3d00000, 0x00000000d3d00000| Untracked 
|  28|0x00000000d3e00000, 0x00000000d3e00000, 0x00000000d3f00000|  0%| F|  |TAMS 0x00000000d3e00000, 0x00000000d3e00000| Untracked 
|  29|0x00000000d3f00000, 0x00000000d3f00000, 0x00000000d4000000|  0%| F|  |TAMS 0x00000000d3f00000, 0x00000000d3f00000| Untracked 
|  30|0x00000000d4000000, 0x00000000d4000000, 0x00000000d4100000|  0%| F|  |TAMS 0x00000000d4000000, 0x00000000d4000000| Untracked 
|  31|0x00000000d4100000, 0x00000000d4100000, 0x00000000d4200000|  0%| F|  |TAMS 0x00000000d4100000, 0x00000000d4100000| Untracked 
|  32|0x00000000d4200000, 0x00000000d4200000, 0x00000000d4300000|  0%| F|  |TAMS 0x00000000d4200000, 0x00000000d4200000| Untracked 
|  33|0x00000000d4300000, 0x00000000d4300000, 0x00000000d4400000|  0%| F|  |TAMS 0x00000000d4300000, 0x00000000d4300000| Untracked 
|  34|0x00000000d4400000, 0x00000000d44e7120, 0x00000000d4500000| 90%| S|CS|TAMS 0x00000000d4400000, 0x00000000d4400000| Complete 
|  35|0x00000000d4500000, 0x00000000d4600000, 0x00000000d4600000|100%| S|CS|TAMS 0x00000000d4500000, 0x00000000d4500000| Complete 
|  36|0x00000000d4600000, 0x00000000d4600000, 0x00000000d4700000|  0%| F|  |TAMS 0x00000000d4600000, 0x00000000d4600000| Untracked 
|  37|0x00000000d4700000, 0x00000000d4700000, 0x00000000d4800000|  0%| F|  |TAMS 0x00000000d4700000, 0x00000000d4700000| Untracked 
|  38|0x00000000d4800000, 0x00000000d4800000, 0x00000000d4900000|  0%| F|  |TAMS 0x00000000d4800000, 0x00000000d4800000| Untracked 
|  39|0x00000000d4900000, 0x00000000d4900000, 0x00000000d4a00000|  0%| F|  |TAMS 0x00000000d4900000, 0x00000000d4900000| Untracked 
|  40|0x00000000d4a00000, 0x00000000d4a00000, 0x00000000d4b00000|  0%| F|  |TAMS 0x00000000d4a00000, 0x00000000d4a00000| Untracked 
|  41|0x00000000d4b00000, 0x00000000d4b00000, 0x00000000d4c00000|  0%| F|  |TAMS 0x00000000d4b00000, 0x00000000d4b00000| Untracked 
|  42|0x00000000d4c00000, 0x00000000d4c00000, 0x00000000d4d00000|  0%| F|  |TAMS 0x00000000d4c00000, 0x00000000d4c00000| Untracked 
|  43|0x00000000d4d00000, 0x00000000d4d00000, 0x00000000d4e00000|  0%| F|  |TAMS 0x00000000d4d00000, 0x00000000d4d00000| Untracked 
|  44|0x00000000d4e00000, 0x00000000d4eb0b60, 0x00000000d4f00000| 69%| E|  |TAMS 0x00000000d4e00000, 0x00000000d4e00000| Complete 
|  45|0x00000000d4f00000, 0x00000000d5000000, 0x00000000d5000000|100%| E|CS|TAMS 0x00000000d4f00000, 0x00000000d4f00000| Complete 

Card table byte_map: [0x000001c3605b0000,0x000001c360720000] _byte_map_base: 0x000001c35ff1f000

Marking Bits (Prev, Next): (CMBitMap*) 0x000001c349dd7690, (CMBitMap*) 0x000001c349dd76d0
 Prev Bits: [0x000001c360890000, 0x000001c361408000)
 Next Bits: [0x000001c361410000, 0x000001c361f88000)

Polling page: 0x000001c347d80000

Metaspace:

Usage:
  Non-class:     18.50 MB used.
      Class:      2.55 MB used.
       Both:     21.05 MB used.

Virtual space:
  Non-class space:       24.00 MB reserved,      18.62 MB ( 78%) committed,  3 nodes.
      Class space:        1.00 GB reserved,       2.69 MB ( <1%) committed,  1 nodes.
             Both:        1.02 GB reserved,      21.31 MB (  2%) committed. 

Chunk freelists:
   Non-Class:  640.00 KB
       Class:  1.20 MB
        Both:  1.83 MB

MaxMetaspaceSize: unlimited
CompressedClassSpaceSize: 1.00 GB
Initial GC threshold: 21.00 MB
Current GC threshold: 21.31 MB
CDS: on
MetaspaceReclaimPolicy: balanced
 - commit_granule_bytes: 65536.
 - commit_granule_words: 8192.
 - virtual_space_node_default_size: 1048576.
 - enlarge_chunks_in_place: 1.
 - new_chunks_are_fully_committed: 0.
 - uncommit_free_chunks: 1.
 - use_allocation_guard: 0.
 - handle_deallocations: 1.


Internal statistics:

num_allocs_failed_limit: 5.
num_arena_births: 334.
num_arena_deaths: 0.
num_vsnodes_births: 4.
num_vsnodes_deaths: 0.
num_space_committed: 341.
num_space_uncommitted: 0.
num_chunks_returned_to_freelist: 5.
num_chunks_taken_from_freelist: 921.
num_chunk_merges: 5.
num_chunk_splits: 608.
num_chunks_enlarged: 436.
num_purges: 0.
num_inconsistent_stats: 0.

CodeHeap 'non-profiled nmethods': size=120000Kb used=1048Kb max_used=1048Kb free=118951Kb
 bounds [0x000001c359080000, 0x000001c3592f0000, 0x000001c3605b0000]
CodeHeap 'profiled nmethods': size=120000Kb used=4514Kb max_used=4514Kb free=115485Kb
 bounds [0x000001c351b50000, 0x000001c351fc0000, 0x000001c359080000]
CodeHeap 'non-nmethods': size=5760Kb used=1254Kb max_used=1285Kb free=4505Kb
 bounds [0x000001c3515b0000, 0x000001c351820000, 0x000001c351b50000]
 total_blobs=2803 nmethods=2245 adapters=471
 compilation: enabled
              stopped_count=0, restarted_count=0
 full_count=0

Compilation events (20 events):
Event: 4.891 Thread 0x000001c3644de1e0 2244       3       java.nio.ByteBuffer::hasArray (20 bytes)
Event: 4.892 Thread 0x000001c3644de1e0 nmethod 2244 0x000001c351fb5f90 code [0x000001c351fb6120, 0x000001c351fb62d8]
Event: 4.894 Thread 0x000001c3644de1e0 2245       3       java.util.ArrayDeque::poll (5 bytes)
Event: 4.895 Thread 0x000001c3644de1e0 nmethod 2245 0x000001c351fb6390 code [0x000001c351fb6520, 0x000001c351fb66e8]
Event: 4.911 Thread 0x000001c3644de1e0 2247       3       java.util.Collections$UnmodifiableCollection::contains (11 bytes)
Event: 4.911 Thread 0x000001c3644de1e0 nmethod 2247 0x000001c351fb6790 code [0x000001c351fb6940, 0x000001c351fb6b08]
Event: 4.921 Thread 0x000001c3644de1e0 2248       2       jdk.internal.util.jar.JarIndex::get (49 bytes)
Event: 4.921 Thread 0x000001c3644de1e0 nmethod 2248 0x000001c351fb6c10 code [0x000001c351fb6de0, 0x000001c351fb70e8]
Event: 4.952 Thread 0x000001c3644de1e0 2249       1       java.util.concurrent.CopyOnWriteArrayList::setArray (6 bytes)
Event: 4.952 Thread 0x000001c3644de1e0 nmethod 2249 0x000001c35917a110 code [0x000001c35917a2a0, 0x000001c35917a3b8]
Event: 4.955 Thread 0x000001c3644de1e0 2250       3       io.netty.util.AsciiString::c2b (15 bytes)
Event: 4.955 Thread 0x000001c3644de1e0 nmethod 2250 0x000001c351fb7310 code [0x000001c351fb74a0, 0x000001c351fb75f8]
Event: 4.977 Thread 0x000001c3644de1e0 2251   !   3       java.util.concurrent.ConcurrentHashMap::initTable (112 bytes)
Event: 4.978 Thread 0x000001c3644de1e0 nmethod 2251 0x000001c351fb7690 code [0x000001c351fb7860, 0x000001c351fb7de8]
Event: 4.997 Thread 0x000001c3644de1e0 2252       3       jdk.internal.misc.InnocuousThread::eraseThreadLocals (23 bytes)
Event: 4.998 Thread 0x000001c3644de1e0 nmethod 2252 0x000001c351fb7f90 code [0x000001c351fb8120, 0x000001c351fb8318]
Event: 4.999 Thread 0x000001c3644de1e0 2254       3       java.lang.invoke.DirectMethodHandle::make (21 bytes)
Event: 4.999 Thread 0x000001c3644de1e0 nmethod 2254 0x000001c351fb8390 code [0x000001c351fb8560, 0x000001c351fb88b8]
Event: 5.009 Thread 0x000001c3644ddb30 nmethod 2194 0x000001c35917a810 code [0x000001c35917abe0, 0x000001c35917f2b0]
Event: 5.010 Thread 0x000001c3644ddb30 2198   !   4       java.util.concurrent.ConcurrentHashMap::putVal (432 bytes)

GC Heap History (12 events):
Event: 0.946 GC heap before
{Heap before GC invocations=0 (full 0):
 garbage-first heap   total 47104K, used 12288K [0x00000000d2200000, 0x0000000100000000)
  region size 1024K, 13 young (13312K), 0 survivors (0K)
 Metaspace       used 1290K, committed 1408K, reserved 1056768K
  class space    used 118K, committed 192K, reserved 1048576K
}
Event: 0.954 GC heap after
{Heap after GC invocations=1 (full 0):
 garbage-first heap   total 47104K, used 4330K [0x00000000d2200000, 0x0000000100000000)
  region size 1024K, 2 young (2048K), 2 survivors (2048K)
 Metaspace       used 1290K, committed 1408K, reserved 1056768K
  class space    used 118K, committed 192K, reserved 1048576K
}
Event: 2.061 GC heap before
{Heap before GC invocations=1 (full 0):
 garbage-first heap   total 47104K, used 18666K [0x00000000d2200000, 0x0000000100000000)
  region size 1024K, 15 young (15360K), 2 survivors (2048K)
 Metaspace       used 6679K, committed 6912K, reserved 1056768K
  class space    used 756K, committed 832K, reserved 1048576K
}
Event: 2.068 GC heap after
{Heap after GC invocations=2 (full 0):
 garbage-first heap   total 47104K, used 7571K [0x00000000d2200000, 0x0000000100000000)
  region size 1024K, 2 young (2048K), 2 survivors (2048K)
 Metaspace       used 6679K, committed 6912K, reserved 1056768K
  class space    used 756K, committed 832K, reserved 1048576K
}
Event: 2.821 GC heap before
{Heap before GC invocations=2 (full 0):
 garbage-first heap   total 47104K, used 20883K [0x00000000d2200000, 0x0000000100000000)
  region size 1024K, 16 young (16384K), 2 survivors (2048K)
 Metaspace       used 10848K, committed 11072K, reserved 1064960K
  class space    used 1253K, committed 1344K, reserved 1048576K
}
Event: 2.827 GC heap after
{Heap after GC invocations=3 (full 0):
 garbage-first heap   total 47104K, used 9381K [0x00000000d2200000, 0x0000000100000000)
  region size 1024K, 2 young (2048K), 2 survivors (2048K)
 Metaspace       used 10848K, committed 11072K, reserved 1064960K
  class space    used 1253K, committed 1344K, reserved 1048576K
}
Event: 3.448 GC heap before
{Heap before GC invocations=3 (full 0):
 garbage-first heap   total 47104K, used 27813K [0x00000000d2200000, 0x0000000100000000)
  region size 1024K, 20 young (20480K), 2 survivors (2048K)
 Metaspace       used 13107K, committed 13376K, reserved 1064960K
  class space    used 1527K, committed 1664K, reserved 1048576K
}
Event: 3.458 GC heap after
{Heap after GC invocations=4 (full 0):
 garbage-first heap   total 47104K, used 12443K [0x00000000d2200000, 0x0000000100000000)
  region size 1024K, 3 young (3072K), 3 survivors (3072K)
 Metaspace       used 13107K, committed 13376K, reserved 1064960K
  class space    used 1527K, committed 1664K, reserved 1048576K
}
Event: 4.156 GC heap before
{Heap before GC invocations=4 (full 0):
 garbage-first heap   total 47104K, used 26779K [0x00000000d2200000, 0x0000000100000000)
  region size 1024K, 18 young (18432K), 3 survivors (3072K)
 Metaspace       used 18548K, committed 18880K, reserved 1073152K
  class space    used 2203K, committed 2368K, reserved 1048576K
}
Event: 4.166 GC heap after
{Heap after GC invocations=5 (full 0):
 garbage-first heap   total 47104K, used 14146K [0x00000000d2200000, 0x0000000100000000)
  region size 1024K, 2 young (2048K), 2 survivors (2048K)
 Metaspace       used 18548K, committed 18880K, reserved 1073152K
  class space    used 2203K, committed 2368K, reserved 1048576K
}
Event: 4.991 GC heap before
{Heap before GC invocations=5 (full 0):
 garbage-first heap   total 47104K, used 23362K [0x00000000d2200000, 0x0000000100000000)
  region size 1024K, 12 young (12288K), 2 survivors (2048K)
 Metaspace       used 21181K, committed 21504K, reserved 1073152K
  class space    used 2574K, committed 2688K, reserved 1048576K
}
Event: 4.997 GC heap after
{Heap after GC invocations=6 (full 0):
 garbage-first heap   total 47104K, used 14549K [0x00000000d2200000, 0x0000000100000000)
  region size 1024K, 2 young (2048K), 2 survivors (2048K)
 Metaspace       used 21181K, committed 21504K, reserved 1073152K
  class space    used 2574K, committed 2688K, reserved 1048576K
}

Deoptimization events (20 events):
Event: 3.541 Thread 0x000001c347d0af70 Uncommon trap: trap_request=0xffffff45 fr.pc=0x000001c35910e304 relative=0x0000000000005c44
Event: 3.541 Thread 0x000001c347d0af70 Uncommon trap: reason=unstable_if action=reinterpret pc=0x000001c35910e304 method=jdk.internal.org.objectweb.asm.Frame.execute(IILjdk/internal/org/objectweb/asm/Symbol;Ljdk/internal/org/objectweb/asm/SymbolTable;)V @ 1 c2
Event: 3.541 Thread 0x000001c347d0af70 DEOPT PACKING pc=0x000001c35910e304 sp=0x000000abd1bf8d80
Event: 3.541 Thread 0x000001c347d0af70 DEOPT UNPACKING pc=0x000001c35160239d sp=0x000000abd1bf8d38 mode 2
Event: 3.561 Thread 0x000001c347d0af70 Uncommon trap: trap_request=0xffffff45 fr.pc=0x000001c35911d154 relative=0x0000000000000314
Event: 3.561 Thread 0x000001c347d0af70 Uncommon trap: reason=unstable_if action=reinterpret pc=0x000001c35911d154 method=java.util.regex.Pattern$SliceI.match(Ljava/util/regex/Matcher;ILjava/lang/CharSequence;)Z @ 29 c2
Event: 3.561 Thread 0x000001c347d0af70 DEOPT PACKING pc=0x000001c35911d154 sp=0x000000abd1bf94f0
Event: 3.561 Thread 0x000001c347d0af70 DEOPT UNPACKING pc=0x000001c35160239d sp=0x000000abd1bf9488 mode 2
Event: 3.616 Thread 0x000001c347d0af70 DEOPT PACKING pc=0x000001c351c258fd sp=0x000000abd1bfa660
Event: 3.616 Thread 0x000001c347d0af70 DEOPT UNPACKING pc=0x000001c351602b24 sp=0x000000abd1bf9ae8 mode 0
Event: 3.622 Thread 0x000001c347d0af70 DEOPT PACKING pc=0x000001c351e48232 sp=0x000000abd1bfa870
Event: 3.622 Thread 0x000001c347d0af70 DEOPT UNPACKING pc=0x000001c351602b24 sp=0x000000abd1bf9d80 mode 0
Event: 3.757 Thread 0x000001c347d0af70 DEOPT PACKING pc=0x000001c351e48253 sp=0x000000abd1bf8810
Event: 3.757 Thread 0x000001c347d0af70 DEOPT UNPACKING pc=0x000001c351602b24 sp=0x000000abd1bf7d20 mode 0
Event: 4.041 Thread 0x000001c347d0af70 DEOPT PACKING pc=0x000001c351e48232 sp=0x000000abd1bf7540
Event: 4.041 Thread 0x000001c347d0af70 DEOPT UNPACKING pc=0x000001c351602b24 sp=0x000000abd1bf6a50 mode 0
Event: 4.222 Thread 0x000001c347d0af70 Uncommon trap: trap_request=0xffffff45 fr.pc=0x000001c3590f5194 relative=0x0000000000000574
Event: 4.222 Thread 0x000001c347d0af70 Uncommon trap: reason=unstable_if action=reinterpret pc=0x000001c3590f5194 method=java.lang.String.replace(CC)Ljava/lang/String; @ 2 c2
Event: 4.222 Thread 0x000001c347d0af70 DEOPT PACKING pc=0x000001c3590f5194 sp=0x000000abd1bfd1b0
Event: 4.222 Thread 0x000001c347d0af70 DEOPT UNPACKING pc=0x000001c35160239d sp=0x000000abd1bfd160 mode 2

Classes unloaded (0 events):
No events

Classes redefined (0 events):
No events

Internal exceptions (20 events):
Event: 4.187 Thread 0x000001c347d0af70 Exception <a 'java/lang/NoSuchMethodError'{0x00000000d4f76b90}: 'java.lang.Object java.lang.invoke.DirectMethodHandle$Holder.invokeInterface(java.lang.Object, java.lang.Object, java.lang.Object, java.lang.Object)'> (0x00000000d4f76b90) 
thrown [t:\workspace\open\src\hotspot\share\interpreter\linkResolver.cpp, line 766]
Event: 4.192 Thread 0x000001c347d0af70 Exception <a 'java/lang/NoSuchMethodError'{0x00000000d4f830f0}: 'void java.lang.invoke.DirectMethodHandle$Holder.invokeInterface(java.lang.Object, java.lang.Object, java.lang.Object)'> (0x00000000d4f830f0) 
thrown [t:\workspace\open\src\hotspot\share\interpreter\linkResolver.cpp, line 766]
Event: 4.197 Thread 0x000001c347d0af70 Exception <a 'java/lang/NoSuchMethodError'{0x00000000d4f971d0}: 'java.lang.Object java.lang.invoke.DirectMethodHandle$Holder.invokeInterface(java.lang.Object, java.lang.Object, java.lang.Object)'> (0x00000000d4f971d0) 
thrown [t:\workspace\open\src\hotspot\share\interpreter\linkResolver.cpp, line 766]
Event: 4.197 Thread 0x000001c347d0af70 Exception <a 'java/lang/IncompatibleClassChangeError'{0x00000000d4f9a898}: Found class java.lang.Object, but interface was expected> (0x00000000d4f9a898) 
thrown [t:\workspace\open\src\hotspot\share\interpreter\linkResolver.cpp, line 833]
Event: 4.199 Thread 0x000001c347d0af70 Exception <a 'java/lang/NoSuchMethodError'{0x00000000d4fa31f8}: 'int java.lang.invoke.DirectMethodHandle$Holder.invokeSpecialIFC(java.lang.Object, java.lang.Object, java.lang.Object, java.lang.Object)'> (0x00000000d4fa31f8) 
thrown [t:\workspace\open\src\hotspot\share\interpreter\linkResolver.cpp, line 766]
Event: 4.559 Thread 0x000001c365040130 Exception <a 'java/lang/NoSuchMethodError'{0x00000000d4e67bd0}: 'void java.lang.invoke.DirectMethodHandle$Holder.invokeStatic(java.lang.Object, long)'> (0x00000000d4e67bd0) 
thrown [t:\workspace\open\src\hotspot\share\interpreter\linkResolver.cpp, line 766]
Event: 4.561 Thread 0x000001c365040130 Exception <a 'java/lang/NoSuchMethodError'{0x00000000d4e6cf78}: 'java.lang.Object java.lang.invoke.DirectMethodHandle$Holder.newInvokeSpecial(java.lang.Object, long)'> (0x00000000d4e6cf78) 
thrown [t:\workspace\open\src\hotspot\share\interpreter\linkResolver.cpp, line 766]
Event: 4.564 Thread 0x000001c365040130 Exception <a 'java/lang/NoSuchMethodError'{0x00000000d4e73b20}: 'java.lang.Object java.lang.invoke.DirectMethodHandle$Holder.invokeStatic(java.lang.Object, java.lang.Object, long, java.lang.Object)'> (0x00000000d4e73b20) 
thrown [t:\workspace\open\src\hotspot\share\interpreter\linkResolver.cpp, line 766]
Event: 4.565 Thread 0x000001c365040130 Exception <a 'java/lang/NoSuchMethodError'{0x00000000d4e77550}: 'java.lang.Object java.lang.invoke.DirectMethodHandle$Holder.invokeStaticInit(java.lang.Object, java.lang.Object, long, java.lang.Object)'> (0x00000000d4e77550) 
thrown [t:\workspace\open\src\hotspot\share\interpreter\linkResolver.cpp, line 766]
Event: 4.566 Thread 0x000001c365040130 Exception <a 'java/lang/NoSuchMethodError'{0x00000000d4e7d5d8}: 'java.lang.Object java.lang.invoke.DirectMethodHandle$Holder.newInvokeSpecial(java.lang.Object, java.lang.Object, long)'> (0x00000000d4e7d5d8) 
thrown [t:\workspace\open\src\hotspot\share\interpreter\linkResolver.cpp, line 766]
Event: 4.633 Thread 0x000001c3665ce6f0 Exception <a 'java/net/ConnectException'{0x00000000d4ee9cc8}: Connection refused: no further information> (0x00000000d4ee9cc8) 
thrown [t:\workspace\open\src\hotspot\share\prims\jni.cpp, line 535]
Event: 4.633 Thread 0x000001c3665ce6f0 Exception <a 'java/net/SocketException'{0x00000000d4eea000}: Socket is not connected: shutdown> (0x00000000d4eea000) 
thrown [t:\workspace\open\src\hotspot\share\prims\jni.cpp, line 535]
Event: 4.654 Thread 0x000001c3665ce6f0 Exception <a 'java/net/ConnectException'{0x00000000d4eeb068}: Connection refused: no further information> (0x00000000d4eeb068) 
thrown [t:\workspace\open\src\hotspot\share\prims\jni.cpp, line 535]
Event: 4.654 Thread 0x000001c3665ce6f0 Exception <a 'java/net/SocketException'{0x00000000d4eeb3a0}: Socket is not connected: shutdown> (0x00000000d4eeb3a0) 
thrown [t:\workspace\open\src\hotspot\share\prims\jni.cpp, line 535]
Event: 4.714 Thread 0x000001c347d0af70 Exception <a 'java/lang/NoSuchMethodError'{0x00000000d4d68190}: 'double java.lang.invoke.DirectMethodHandle$Holder.invokeVirtual(java.lang.Object, java.lang.Object)'> (0x00000000d4d68190) 
thrown [t:\workspace\open\src\hotspot\share\interpreter\linkResolver.cpp, line 766]
Event: 4.714 Thread 0x000001c347d0af70 Exception <a 'java/lang/NoSuchMethodError'{0x00000000d4d6ebe0}: 'float java.lang.invoke.DirectMethodHandle$Holder.invokeVirtual(java.lang.Object, java.lang.Object)'> (0x00000000d4d6ebe0) 
thrown [t:\workspace\open\src\hotspot\share\interpreter\linkResolver.cpp, line 766]
Event: 4.716 Thread 0x000001c347d0af70 Exception <a 'java/lang/NoSuchMethodError'{0x00000000d4d77e68}: 'long java.lang.invoke.DirectMethodHandle$Holder.invokeVirtual(java.lang.Object, java.lang.Object)'> (0x00000000d4d77e68) 
thrown [t:\workspace\open\src\hotspot\share\interpreter\linkResolver.cpp, line 766]
Event: 4.769 Thread 0x000001c347d0af70 Exception <a 'java/lang/NoSuchMethodError'{0x00000000d4cc1df0}: 'void java.lang.invoke.DirectMethodHandle$Holder.invokeStatic(java.lang.Object, java.lang.Object, int)'> (0x00000000d4cc1df0) 
thrown [t:\workspace\open\src\hotspot\share\interpreter\linkResolver.cpp, line 766]
Event: 4.860 Thread 0x000001c347d0af70 Exception <a 'java/lang/NoSuchMethodError'{0x00000000d4ae8220}: 'int java.lang.invoke.DirectMethodHandle$Holder.invokeSpecialIFC(java.lang.Object, java.lang.Object, java.lang.Object)'> (0x00000000d4ae8220) 
thrown [t:\workspace\open\src\hotspot\share\interpreter\linkResolver.cpp, line 766]
Event: 4.991 Thread 0x000001c347d0af70 Exception <a 'java/lang/NoSuchMethodError'{0x00000000d462ceb0}: 'void java.lang.invoke.DirectMethodHandle$Holder.invokeSpecial(java.lang.Object, java.lang.Object, java.lang.Object, java.lang.Object, java.lang.Object, java.lang.Object)'> (0x00000000d462ceb0) 
thrown [t:\workspace\open\src\hotspot\share\interpreter\linkResolver.cpp, line 766]

VM Operations (20 events):
Event: 2.820 Executing VM operation: G1CollectForAllocation
Event: 2.827 Executing VM operation: G1CollectForAllocation done
Event: 3.053 Executing VM operation: HandshakeAllThreads
Event: 3.053 Executing VM operation: HandshakeAllThreads done
Event: 3.448 Executing VM operation: G1CollectForAllocation
Event: 3.458 Executing VM operation: G1CollectForAllocation done
Event: 3.490 Executing VM operation: HandshakeAllThreads
Event: 3.490 Executing VM operation: HandshakeAllThreads done
Event: 3.538 Executing VM operation: HandshakeAllThreads
Event: 3.538 Executing VM operation: HandshakeAllThreads done
Event: 4.156 Executing VM operation: G1CollectForAllocation
Event: 4.166 Executing VM operation: G1CollectForAllocation done
Event: 4.691 Executing VM operation: HandshakeAllThreads
Event: 4.691 Executing VM operation: HandshakeAllThreads done
Event: 4.692 Executing VM operation: HandshakeAllThreads
Event: 4.692 Executing VM operation: HandshakeAllThreads done
Event: 4.695 Executing VM operation: HandshakeAllThreads
Event: 4.695 Executing VM operation: HandshakeAllThreads done
Event: 4.991 Executing VM operation: CollectForMetadataAllocation
Event: 4.997 Executing VM operation: CollectForMetadataAllocation done

Events (20 events):
Event: 4.862 loading class java/io/ObjectInputStream
Event: 4.864 loading class java/io/ObjectInput
Event: 4.864 loading class java/io/ObjectInput done
Event: 4.864 loading class java/io/ObjectStreamConstants
Event: 4.864 loading class java/io/ObjectStreamConstants done
Event: 4.864 loading class java/io/ObjectInputStream done
Event: 4.864 loading class java/io/ObjectOutputStream
Event: 4.865 loading class java/io/ObjectOutput
Event: 4.865 loading class java/io/ObjectOutput done
Event: 4.865 loading class java/io/ObjectOutputStream done
Event: 4.886 loading class java/util/TreeMap$EntrySpliterator
Event: 4.887 loading class java/util/TreeMap$EntrySpliterator done
Event: 5.010 loading class java/nio/channels/ClosedChannelException
Event: 5.011 loading class java/nio/channels/ClosedChannelException done
Event: 5.019 loading class java/nio/channels/DatagramChannel
Event: 5.019 loading class java/nio/channels/MulticastChannel
Event: 5.019 loading class java/nio/channels/MulticastChannel done
Event: 5.019 loading class java/nio/channels/DatagramChannel done
Event: 5.026 loading class java/lang/ProcessHandle$Info
Event: 5.026 loading class java/lang/ProcessHandle$Info done


Dynamic libraries:
0x00007ff7919c0000 - 0x00007ff7919d0000 	C:\Program Files\Java\jdk-17\bin\javaw.exe
0x00007ff806990000 - 0x00007ff806b87000 	C:\Windows\SYSTEM32\ntdll.dll
0x00007ff805e80000 - 0x00007ff805f3d000 	C:\Windows\System32\KERNEL32.DLL
0x00007ff8044c0000 - 0x00007ff80478d000 	C:\Windows\System32\KERNELBASE.dll
0x00007ff804790000 - 0x00007ff804890000 	C:\Windows\System32\ucrtbase.dll
0x00007ffff5890000 - 0x00007ffff58a8000 	C:\Program Files\Java\jdk-17\bin\jli.dll
0x00007ff805fa0000 - 0x00007ff80604e000 	C:\Windows\System32\ADVAPI32.dll
0x00007ff806160000 - 0x00007ff8061fe000 	C:\Windows\System32\msvcrt.dll
0x00007ff805270000 - 0x00007ff80530c000 	C:\Windows\System32\sechost.dll
0x00007ff805830000 - 0x00007ff805955000 	C:\Windows\System32\RPCRT4.dll
0x00007ff804bf0000 - 0x00007ff804d90000 	C:\Windows\System32\USER32.dll
0x00007ff8041c0000 - 0x00007ff8041e2000 	C:\Windows\System32\win32u.dll
0x00007ff805310000 - 0x00007ff80533a000 	C:\Windows\System32\GDI32.dll
0x00007ff8040b0000 - 0x00007ff8041bb000 	C:\Windows\System32\gdi32full.dll
0x00007ff804420000 - 0x00007ff8044bd000 	C:\Windows\System32\msvcp_win.dll
0x00007ffff4d50000 - 0x00007ffff4d6a000 	C:\Program Files\Java\jdk-17\bin\VCRUNTIME140.dll
0x00007ffff6a30000 - 0x00007ffff6cca000 	C:\Windows\WinSxS\amd64_microsoft.windows.common-controls_6595b64144ccf1df_6.0.19041.1110_none_60b5254171f9507e\COMCTL32.dll
0x00007ffff3d90000 - 0x00007ffff3d9a000 	C:\Windows\SYSTEM32\VERSION.dll
0x00007ff805500000 - 0x00007ff805530000 	C:\Windows\System32\IMM32.DLL
0x00007ff801770000 - 0x00007ff80177c000 	C:\Program Files\Java\jdk-17\bin\vcruntime140_1.dll
0x00007fffe81e0000 - 0x00007fffe826d000 	C:\Program Files\Java\jdk-17\bin\msvcp140.dll
0x00007fffb0440000 - 0x00007fffb0ffe000 	C:\Program Files\Java\jdk-17\bin\server\jvm.dll
0x00007ff805530000 - 0x00007ff805538000 	C:\Windows\System32\PSAPI.DLL
0x00007fffef840000 - 0x00007fffef867000 	C:\Windows\SYSTEM32\WINMM.dll
0x00007fffb39a0000 - 0x00007fffb39a9000 	C:\Windows\SYSTEM32\WSOCK32.dll
0x00007ff8060e0000 - 0x00007ff80614b000 	C:\Windows\System32\WS2_32.dll
0x00007ff801fb0000 - 0x00007ff801fc2000 	C:\Windows\SYSTEM32\kernel.appcore.dll
0x00007fffb0430000 - 0x00007fffb043a000 	C:\Program Files\Java\jdk-17\bin\jimage.dll
0x00007ffff1ec0000 - 0x00007ffff20a4000 	C:\Windows\SYSTEM32\DBGHELP.DLL
0x00007ffff2240000 - 0x00007ffff226c000 	C:\Windows\SYSTEM32\dbgcore.DLL
0x00007ff8041f0000 - 0x00007ff804272000 	C:\Windows\System32\bcryptPrimitives.dll
0x00007fffb0400000 - 0x00007fffb0425000 	C:\Program Files\Java\jdk-17\bin\java.dll
0x00007fffb0320000 - 0x00007fffb03f6000 	C:\Program Files\Java\jdk-17\bin\svml.dll
0x00007ff806200000 - 0x00007ff806944000 	C:\Windows\System32\SHELL32.dll
0x00007ff8021b0000 - 0x00007ff802944000 	C:\Windows\SYSTEM32\windows.storage.dll
0x00007ff804d90000 - 0x00007ff8050e4000 	C:\Windows\System32\combase.dll
0x00007ff803b10000 - 0x00007ff803b3c000 	C:\Windows\SYSTEM32\Wldp.dll
0x00007ff805960000 - 0x00007ff805a0d000 	C:\Windows\System32\SHCORE.dll
0x00007ff805f40000 - 0x00007ff805f95000 	C:\Windows\System32\shlwapi.dll
0x00007ff803ff0000 - 0x00007ff80400f000 	C:\Windows\SYSTEM32\profapi.dll
0x00007fffb0300000 - 0x00007fffb0319000 	C:\Program Files\Java\jdk-17\bin\net.dll
0x00007ffffaef0000 - 0x00007ffffaffa000 	C:\Windows\SYSTEM32\WINHTTP.dll
0x00007ff803870000 - 0x00007ff8038da000 	C:\Windows\system32\mswsock.dll
0x00007fffb02e0000 - 0x00007fffb02f5000 	C:\Program Files\Java\jdk-17\bin\nio.dll
0x00007fffb02c0000 - 0x00007fffb02d8000 	C:\Program Files\Java\jdk-17\bin\zip.dll
0x00007ff803560000 - 0x00007ff80362b000 	C:\Windows\SYSTEM32\DNSAPI.dll
0x00007ff803510000 - 0x00007ff80354b000 	C:\Windows\SYSTEM32\IPHLPAPI.DLL
0x00007ff806150000 - 0x00007ff806158000 	C:\Windows\System32\NSI.dll
0x00007ffff6600000 - 0x00007ffff660a000 	C:\Windows\System32\rasadhlp.dll
0x00007ffff73e0000 - 0x00007ffff7460000 	C:\Windows\System32\fwpuclnt.dll
0x00007ff804330000 - 0x00007ff804357000 	C:\Windows\System32\bcrypt.dll
0x00007ff803a60000 - 0x00007ff803a78000 	C:\Windows\SYSTEM32\CRYPTSP.dll
0x00007ff803180000 - 0x00007ff8031b4000 	C:\Windows\system32\rsaenh.dll
0x00007ff803fb0000 - 0x00007ff803fde000 	C:\Windows\SYSTEM32\USERENV.dll
0x00007ff803a80000 - 0x00007ff803a8c000 	C:\Windows\SYSTEM32\CRYPTBASE.dll
0x00007ffffac90000 - 0x00007ffffaca7000 	C:\Windows\SYSTEM32\dhcpcsvc6.DLL
0x00007ffffc2f0000 - 0x00007ffffc30d000 	C:\Windows\SYSTEM32\dhcpcsvc.DLL
0x00007ffff53d0000 - 0x00007ffff53de000 	C:\Program Files\Java\jdk-17\bin\sunmscapi.dll
0x00007ff804890000 - 0x00007ff8049e6000 	C:\Windows\System32\CRYPT32.dll
0x00007ff803b80000 - 0x00007ff803ba7000 	C:\Windows\SYSTEM32\ncrypt.dll
0x00007ff803b40000 - 0x00007ff803b7b000 	C:\Windows\SYSTEM32\NTASN1.dll
0x00007fffb1be0000 - 0x00007fffb1bf0000 	C:\Program Files\Java\jdk-17\bin\verify.dll
0x00007ff801750000 - 0x00007ff801759000 	C:\Program Files\Java\jdk-17\bin\management.dll
0x00007ffff71e0000 - 0x00007ffff71eb000 	C:\Program Files\Java\jdk-17\bin\management_ext.dll
0x00007ffffa720000 - 0x00007ffffa727000 	C:\Windows\system32\wshunix.dll

dbghelp: loaded successfully - version: 4.0.5 - missing functions: none
symbol engine: initialized successfully - sym options: 0x614 - pdb path: .;C:\Program Files\Java\jdk-17\bin;C:\Windows\SYSTEM32;C:\Windows\WinSxS\amd64_microsoft.windows.common-controls_6595b64144ccf1df_6.0.19041.1110_none_60b5254171f9507e;C:\Program Files\Java\jdk-17\bin\server

VM Arguments:
jvm_args: -ea -Dfile.encoding=Cp1252 -XX:+ShowCodeDetailsInExceptionMessages 
java_command: org.testng.remote.RemoteTestNG -serport 49985 -protocol json -d D:\Practise\Insurance\test-output C:\Users\Admin\AppData\Local\Temp\testng-eclipse--469953852\testng-customsuite.xml
java_class_path (initial): C:\Users\Admin\eclipse\java-2021-09\eclipse\configuration\org.eclipse.osgi\440\0\.cp\lib\testng-remote.jar;D:\Practise\Insurance\target\test-classes;D:\Practise\Insurance\target\classes;C:\Users\Admin\.m2\repository\org\seleniumhq\selenium\selenium-java\4.8.1\selenium-java-4.8.1.jar;C:\Users\Admin\.m2\repository\org\seleniumhq\selenium\selenium-api\4.8.1\selenium-api-4.8.1.jar;C:\Users\Admin\.m2\repository\org\seleniumhq\selenium\selenium-chrome-driver\4.8.1\selenium-chrome-driver-4.8.1.jar;C:\Users\Admin\.m2\repository\com\google\auto\service\auto-service-annotations\1.0.1\auto-service-annotations-1.0.1.jar;C:\Users\Admin\.m2\repository\com\google\auto\service\auto-service\1.0.1\auto-service-1.0.1.jar;C:\Users\Admin\.m2\repository\com\google\auto\auto-common\1.2\auto-common-1.2.jar;C:\Users\Admin\.m2\repository\com\google\guava\guava\31.1-jre\guava-31.1-jre.jar;C:\Users\Admin\.m2\repository\com\google\guava\failureaccess\1.0.1\failureaccess-1.0.1.jar;C:\Users\Admin\.m2\repository\com\google\guava\listenablefuture\9999.0-empty-to-avoid-conflict-with-guava\listenablefuture-9999.0-empty-to-avoid-conflict-with-guava.jar;C:\Users\Admin\.m2\repository\com\google\code\findbugs\jsr305\3.0.2\jsr305-3.0.2.jar;C:\Users\Admin\.m2\repository\org\checkerframework\checker-qual\3.12.0\checker-qual-3.12.0.jar;C:\Users\Admin\.m2\repository\com\google\errorprone\error_prone_annotations\2.11.0\error_prone_annotations-2.11.0.jar;C:\Users\Admin\.m2\repository\com\google\j2objc\j2objc-annotations\1.3\j2objc-annotations-1.3.jar;C:\Users\Admin\.m2\repository\org\seleniumhq\selenium\selenium-chromium-driver\4.8.1\selenium-chromium-driver-4.8.1.jar;C:\Users\Admin\.m2\repository\org\seleniumhq\selenium\selenium-json\4.8.1\selenium-json-4.8.1.jar;C:\Users\Admin\.m2\repository\org\seleniumhq\selenium\selenium-devtools-v108\4.8.1\selenium-devtools-v108-4.8.1.jar;C:\Users\Admin\.m2\repository\org\seleniumhq\selenium\selenium-devtools-v109\4.8.1\selenium-devtools-v109-
Launcher Type: SUN_STANDARD

[Global flags]
     intx CICompilerCount                          = 3                                         {product} {ergonomic}
     uint ConcGCThreads                            = 1                                         {product} {ergonomic}
     uint G1ConcRefinementThreads                  = 4                                         {product} {ergonomic}
   size_t G1HeapRegionSize                         = 1048576                                   {product} {ergonomic}
    uintx GCDrainStackTargetSize                   = 64                                        {product} {ergonomic}
   size_t InitialHeapSize                          = 48234496                                  {product} {ergonomic}
   size_t MarkStackSize                            = 4194304                                   {product} {ergonomic}
   size_t MaxHeapSize                              = 769654784                                 {product} {ergonomic}
   size_t MaxNewSize                               = 461373440                                 {product} {ergonomic}
   size_t MinHeapDeltaBytes                        = 1048576                                   {product} {ergonomic}
   size_t MinHeapSize                              = 8388608                                   {product} {ergonomic}
    uintx NonNMethodCodeHeapSize                   = 5832780                                {pd product} {ergonomic}
    uintx NonProfiledCodeHeapSize                  = 122912730                              {pd product} {ergonomic}
    uintx ProfiledCodeHeapSize                     = 122912730                              {pd product} {ergonomic}
    uintx ReservedCodeCacheSize                    = 251658240                              {pd product} {ergonomic}
     bool SegmentedCodeCache                       = true                                      {product} {ergonomic}
     bool ShowCodeDetailsInExceptionMessages       = true                                   {manageable} {command line}
   size_t SoftMaxHeapSize                          = 769654784                              {manageable} {ergonomic}
     bool UseCompressedClassPointers               = true                           {product lp64_product} {ergonomic}
     bool UseCompressedOops                        = true                           {product lp64_product} {ergonomic}
     bool UseG1GC                                  = true                                      {product} {ergonomic}
     bool UseLargePagesIndividualAllocation        = false                                  {pd product} {ergonomic}

Logging:
Log output configuration:
 #0: stdout all=warning uptime,level,tags
 #1: stderr all=off uptime,level,tags

Environment Variables:
PATH=C:/Program Files/Java/jdk-17/bin/server;C:/Program Files/Java/jdk-17/bin;C:\Program Files\Java\jdk-17\bin;C:\Program Files\Git\cmd;C:\Users\Admin\AppData\Local\Microsoft\WindowsApps;;C:\Users\Admin\AppData\Local\Programs\Microsoft VS Code\bin;C:\Users\Admin\Desktop;
USERNAME=Admin
OS=Windows_NT
PROCESSOR_IDENTIFIER=Intel64 Family 6 Model 37 Stepping 5, GenuineIntel



---------------  S Y S T E M  ---------------

OS:
 Windows 10 , 64 bit Build 19041 (10.0.19041.1741)
OS uptime: 0 days 0:13 hours

CPU: total 4 (initial active 4) (2 cores per cpu, 2 threads per core) family 6 model 37 stepping 5 microcode 0x7, cx8, cmov, fxsr, ht, mmx, sse, sse2, sse3, ssse3, sse4.1, sse4.2, popcnt, tsc, tscinvbit, clflush

Memory: 4k page, system-wide physical 2932M (343M free)
TotalPageFile size 5748M (AvailPageFile size 2101M)
current process WorkingSet (physical memory assigned to process): 123M, peak: 124M
current process commit charge ("private bytes"): 167M, peak: 169M

vm_info: Java HotSpot(TM) 64-Bit Server VM (17+35-LTS-2724) for windows-amd64 JRE (17+35-LTS-2724), built on Aug  5 2021 23:28:28 by "mach5one" with MS VC++ 16.8 (VS2019)

END.
